[vagrant@ansible playbooks]$ nano kernel.yml
[vagrant@ansible playbooks]$ nano packages.yml
[vagrant@ansible playbooks]$ ansible-playbook kernel.yml 

PLAY [all] ********************************************************************************************************

TASK [Get kernel info] ********************************************************************************************
ok: [debian]
ok: [suse]
ok: [rocky]

TASK [Display kernel with msg] ************************************************************************************
ok: [rocky] => {
    "msg": "Linux rocky 5.14.0-362.13.1.el9_3.x86_64 #1 SMP PREEMPT_DYNAMIC Wed Dec 13 14:07:45 UTC 2023 x86_64 x86_64 x86_64 GNU/Linux"
}
ok: [debian] => {
    "msg": "Linux debian 6.1.0-17-amd64 #1 SMP PREEMPT_DYNAMIC Debian 6.1.69-1 (2023-12-30) x86_64 GNU/Linux"
}
ok: [suse] => {
    "msg": "Linux suse 5.14.21-150500.55.39-default #1 SMP PREEMPT_DYNAMIC Tue Dec 5 10:06:35 UTC 2023 (2e4092e) x86_64 x86_64 x86_64 GNU/Linux"
}

TASK [Display kernel with var] ************************************************************************************
ok: [rocky] => {
    "kernel_result.stdout": "Linux rocky 5.14.0-362.13.1.el9_3.x86_64 #1 SMP PREEMPT_DYNAMIC Wed Dec 13 14:07:45 UTC 2023 x86_64 x86_64 x86_64 GNU/Linux"
}
ok: [debian] => {
    "kernel_result.stdout": "Linux debian 6.1.0-17-amd64 #1 SMP PREEMPT_DYNAMIC Debian 6.1.69-1 (2023-12-30) x86_64 GNU/Linux"
}
ok: [suse] => {
    "kernel_result.stdout": "Linux suse 5.14.21-150500.55.39-default #1 SMP PREEMPT_DYNAMIC Tue Dec 5 10:06:35 UTC 2023 (2e4092e) x86_64 x86_64 x86_64 GNU/Linux"
}

PLAY RECAP ********************************************************************************************************
debian                     : ok=3    changed=0    unreachable=0    failed=0    skipped=0    rescued=0    ignored=0   
rocky                      : ok=3    changed=0    unreachable=0    failed=0    skipped=0    rescued=0    ignored=0   
suse                       : ok=3    changed=0    unreachable=0    failed=0    skipped=0    rescued=0    ignored=0   

[vagrant@ansible playbooks]$ ansible-playbook packages.yml 

PLAY [rocky,suse] *************************************************************************************************

TASK [Count RPM packages] *****************************************************************************************
ok: [rocky]
ok: [suse]

TASK [Show total installed RPM packages] **************************************************************************
ok: [rocky] => {
    "msg": "Total RPM packages: 671"
}
ok: [suse] => {
    "msg": "Total RPM packages: 917"
}

PLAY RECAP ********************************************************************************************************
rocky                      : ok=2    changed=0    unreachable=0    failed=0    skipped=0    rescued=0    ignored=0   
suse                       : ok=2    changed=0    unreachable=0    failed=0    skipped=0    rescued=0    ignored=0   

[vagrant@ansible playbooks]$ 
