[ema@testlab:~] $ vagrant destroy -f
A Vagrant environment or target machine is required to run this
command. Run `vagrant init` to create a new Vagrant environment. Or,
get an ID of a target machine from `vagrant global-status` to run
this command on. A final option is to change to a directory with a
Vagrantfile and to try again.
[ema@testlab:~] $    formation-ansible/atelier-07/
bash: formation-ansible/atelier-07/ : est un dossier
[ema@testlab:~] $ cd   formation-ansible/atelier-07/
[ema@testlab:atelier-07] $ vagrant destroy -f
==> ansible: Destroying VM and associated drives...
==> suse: Destroying VM and associated drives...
==> debian: Destroying VM and associated drives...
==> rocky: Destroying VM and associated drives...
[ema@testlab:atelier-07] $ vagrant up
Bringing machine 'rocky' up with 'virtualbox' provider...
Bringing machine 'debian' up with 'virtualbox' provider...
Bringing machine 'suse' up with 'virtualbox' provider...
Bringing machine 'ansible' up with 'virtualbox' provider...
==> rocky: Importing base box 'generic/rocky9'...
==> rocky: Matching MAC address for NAT networking...
==> rocky: Checking if box 'generic/rocky9' version '4.3.12' is up to date...
==> rocky: Setting the name of the VM: atelier-07_rocky_1742812029509_24822
==> rocky: Clearing any previously set network interfaces...
==> rocky: Preparing network interfaces based on configuration...
    rocky: Adapter 1: nat
    rocky: Adapter 2: hostonly
==> rocky: Forwarding ports...
    rocky: 22 (guest) => 2222 (host) (adapter 1)
==> rocky: Running 'pre-boot' VM customizations...
==> rocky: Booting VM...
==> rocky: Waiting for machine to boot. This may take a few minutes...
    rocky: SSH address: 127.0.0.1:2222
    rocky: SSH username: vagrant
    rocky: SSH auth method: private key
    rocky: 
    rocky: Vagrant insecure key detected. Vagrant will automatically replace
    rocky: this with a newly generated keypair for better security.
    rocky: 
    rocky: Inserting generated public key within guest...
    rocky: Removing insecure key from the guest if it's present...
    rocky: Key inserted! Disconnecting and reconnecting using new SSH key...
==> rocky: Machine booted and ready!
==> rocky: Setting hostname...
==> rocky: Configuring and enabling network interfaces...
==> rocky: Mounting shared folders...
    rocky: /home/ema/formation-ansible/atelier-07 => /vagrant
==> rocky: Running provisioner: shell...
    rocky: Running: /tmp/vagrant-shell20250324-4922-1p8rcw.sh
==> debian: Importing base box 'generic/debian12'...
==> debian: Matching MAC address for NAT networking...
==> debian: Checking if box 'generic/debian12' version '4.3.12' is up to date...
==> debian: Setting the name of the VM: atelier-07_debian_1742812082776_24954
==> debian: Fixed port collision for 22 => 2222. Now on port 2200.
==> debian: Clearing any previously set network interfaces...
==> debian: Preparing network interfaces based on configuration...
    debian: Adapter 1: nat
    debian: Adapter 2: hostonly
==> debian: Forwarding ports...
    debian: 22 (guest) => 2200 (host) (adapter 1)
==> debian: Running 'pre-boot' VM customizations...
==> debian: Booting VM...
==> debian: Waiting for machine to boot. This may take a few minutes...
    debian: SSH address: 127.0.0.1:2200
    debian: SSH username: vagrant
    debian: SSH auth method: private key
    debian: 
    debian: Vagrant insecure key detected. Vagrant will automatically replace
    debian: this with a newly generated keypair for better security.
    debian: 
    debian: Inserting generated public key within guest...
    debian: Removing insecure key from the guest if it's present...
    debian: Key inserted! Disconnecting and reconnecting using new SSH key...
==> debian: Machine booted and ready!
==> debian: Setting hostname...
==> debian: Configuring and enabling network interfaces...
==> debian: Mounting shared folders...
    debian: /home/ema/formation-ansible/atelier-07 => /vagrant
==> suse: Importing base box 'generic/opensuse15'...
==> suse: Matching MAC address for NAT networking...
==> suse: Checking if box 'generic/opensuse15' version '4.3.12' is up to date...
==> suse: Setting the name of the VM: atelier-07_suse_1742812140221_32187
==> suse: Fixed port collision for 22 => 2222. Now on port 2201.
==> suse: Clearing any previously set network interfaces...
==> suse: Preparing network interfaces based on configuration...
    suse: Adapter 1: nat
    suse: Adapter 2: hostonly
==> suse: Forwarding ports...
    suse: 22 (guest) => 2201 (host) (adapter 1)
==> suse: Running 'pre-boot' VM customizations...
==> suse: Booting VM...
==> suse: Waiting for machine to boot. This may take a few minutes...
    suse: SSH address: 127.0.0.1:2201
    suse: SSH username: vagrant
    suse: SSH auth method: private key
    suse: Warning: Connection reset. Retrying...
    suse: Warning: Remote connection disconnect. Retrying...
    suse: Warning: Connection reset. Retrying...
    suse: Warning: Remote connection disconnect. Retrying...
    suse: Warning: Connection reset. Retrying...
    suse: Warning: Remote connection disconnect. Retrying...
    suse: 
    suse: Vagrant insecure key detected. Vagrant will automatically replace
    suse: this with a newly generated keypair for better security.
    suse: 
    suse: Inserting generated public key within guest...
    suse: Removing insecure key from the guest if it's present...
    suse: Key inserted! Disconnecting and reconnecting using new SSH key...
==> suse: Machine booted and ready!
==> suse: Setting hostname...
==> suse: Configuring and enabling network interfaces...
==> suse: Mounting shared folders...
    suse: /home/ema/formation-ansible/atelier-07 => /vagrant
==> ansible: Importing base box 'generic/rocky9'...
==> ansible: Matching MAC address for NAT networking...
==> ansible: Checking if box 'generic/rocky9' version '4.3.12' is up to date...
==> ansible: Setting the name of the VM: atelier-07_ansible_1742812221031_88760
==> ansible: Fixed port collision for 22 => 2222. Now on port 2202.
==> ansible: Clearing any previously set network interfaces...
==> ansible: Preparing network interfaces based on configuration...
    ansible: Adapter 1: nat
    ansible: Adapter 2: hostonly
==> ansible: Forwarding ports...
    ansible: 22 (guest) => 2202 (host) (adapter 1)
==> ansible: Running 'pre-boot' VM customizations...
==> ansible: Booting VM...
==> ansible: Waiting for machine to boot. This may take a few minutes...
    ansible: SSH address: 127.0.0.1:2202
    ansible: SSH username: vagrant
    ansible: SSH auth method: private key
    ansible: 
    ansible: Vagrant insecure key detected. Vagrant will automatically replace
    ansible: this with a newly generated keypair for better security.
    ansible: 
    ansible: Inserting generated public key within guest...
    ansible: Removing insecure key from the guest if it's present...
    ansible: Key inserted! Disconnecting and reconnecting using new SSH key...
==> ansible: Machine booted and ready!
==> ansible: Setting hostname...
==> ansible: Configuring and enabling network interfaces...
==> ansible: Mounting shared folders...
    ansible: /home/ema/formation-ansible/atelier-07 => /vagrant
==> ansible: Running provisioner: shell...
    ansible: Running: /tmp/vagrant-shell20250324-4922-gooj7s.sh
    ansible: '/vagrant/hosts' -> '/etc/hosts'
    ansible: Extra Packages for Enterprise Linux 9 - x86_64  8.2 MB/s |  23 MB     00:02
    ansible: Extra Packages for Enterprise Linux 9 openh264  4.8 kB/s | 2.5 kB     00:00
    ansible: Rocky Linux 9 - BaseOS                          1.9 MB/s | 2.3 MB     00:01
    ansible: Rocky Linux 9 - AppStream                       3.6 MB/s | 8.6 MB     00:02
    ansible: Rocky Linux 9 - Extras                           29 kB/s |  16 kB     00:00
    ansible: Package epel-release-9-7.el9.noarch is already installed.
    ansible: Dependencies resolved.
    ansible: ================================================================================
    ansible:  Package                Architecture     Version           Repository      Size
    ansible: ================================================================================
    ansible: Upgrading:
    ansible:  epel-release           noarch           9-9.el9           epel            19 k
    ansible: 
    ansible: Transaction Summary
    ansible: ================================================================================
    ansible: Upgrade  1 Package
    ansible: 
    ansible: Total download size: 19 k
    ansible: Downloading Packages:
    ansible: epel-release-9-9.el9.noarch.rpm                 185 kB/s |  19 kB     00:00
    ansible: --------------------------------------------------------------------------------
    ansible: Total                                            36 kB/s |  19 kB     00:00
    ansible: Running transaction check
    ansible: Transaction check succeeded.
    ansible: Running transaction test
    ansible: Transaction test succeeded.
    ansible: Running transaction
    ansible:   Preparing        :                                                        1/1
    ansible:   Upgrading        : epel-release-9-9.el9.noarch                            1/2
    ansible: warning: /etc/yum.repos.d/epel-testing.repo created as /etc/yum.repos.d/epel-testing.repo.rpmnew
    ansible: warning: /etc/yum.repos.d/epel.repo created as /etc/yum.repos.d/epel.repo.rpmnew
    ansible: 
    ansible:   Running scriptlet: epel-release-9-9.el9.noarch                            1/2
    ansible:   Cleanup          : epel-release-9-7.el9.noarch                            2/2
    ansible:   Running scriptlet: epel-release-9-7.el9.noarch                            2/2
    ansible:   Verifying        : epel-release-9-9.el9.noarch                            1/2
    ansible:   Verifying        : epel-release-9-7.el9.noarch                            2/2
    ansible: 
    ansible: Upgraded:
    ansible:   epel-release-9-9.el9.noarch
    ansible: 
    ansible: Complete!
    ansible: Last metadata expiration check: 0:00:04 ago on Mon 24 Mar 2025 10:31:07 AM UTC.
    ansible: Package vim-enhanced-2:8.2.2637-20.el9_1.x86_64 is already installed.
    ansible: Dependencies resolved.
    ansible: ================================================================================
    ansible:  Package                  Arch       Version                Repository     Size
    ansible: ================================================================================
    ansible: Installing:
    ansible:  ansible                  noarch     1:7.7.0-1.el9          epel           34 M
    ansible:  nano                     x86_64     5.6.1-6.el9            baseos        691 k
    ansible:  sshpass                  x86_64     1.09-4.el9             appstream      27 k
    ansible: Upgrading:
    ansible:  vim-common               x86_64     2:8.2.2637-21.el9      appstream     6.6 M
    ansible:  vim-enhanced             x86_64     2:8.2.2637-21.el9      appstream     1.7 M
    ansible: Installing dependencies:
    ansible:  ansible-core             x86_64     1:2.14.17-1.el9        appstream     2.2 M
    ansible:  git-core                 x86_64     2.43.5-2.el9_5         appstream     4.4 M
    ansible:  python3-cffi             x86_64     1.14.5-5.el9           baseos        241 k
    ansible:  python3-cryptography     x86_64     36.0.1-4.el9           baseos        1.2 M
    ansible:  python3-packaging        noarch     20.9-5.el9             appstream      69 k
    ansible:  python3-ply              noarch     3.11-14.el9.0.1        baseos        103 k
    ansible:  python3-pycparser        noarch     2.20-6.el9             baseos        124 k
    ansible:  python3-pyyaml           x86_64     5.4.1-6.el9            baseos        191 k
    ansible:  python3-resolvelib       noarch     0.5.4-5.el9            appstream      29 k
    ansible:  python3-setuptools       noarch     53.0.0-13.el9          baseos        838 k
    ansible: 
    ansible: Transaction Summary
    ansible: ================================================================================
    ansible: Install  13 Packages
    ansible: Upgrade   2 Packages
    ansible: 
    ansible: Total download size: 53 M
    ansible: Downloading Packages:
    ansible: (1/15): python3-pyyaml-5.4.1-6.el9.x86_64.rpm   1.3 MB/s | 191 kB     00:00
    ansible: (2/15): python3-setuptools-53.0.0-13.el9.noarch 3.5 MB/s | 838 kB     00:00
    ansible: (3/15): nano-5.6.1-6.el9.x86_64.rpm             4.1 MB/s | 691 kB     00:00
    ansible: (4/15): python3-cffi-1.14.5-5.el9.x86_64.rpm    4.5 MB/s | 241 kB     00:00
    ansible: (5/15): python3-cryptography-36.0.1-4.el9.x86_6 8.2 MB/s | 1.2 MB     00:00
    ansible: (6/15): python3-ply-3.11-14.el9.0.1.noarch.rpm  3.8 MB/s | 103 kB     00:00
    ansible: (7/15): python3-pycparser-2.20-6.el9.noarch.rpm 4.3 MB/s | 124 kB     00:00
    ansible: (8/15): python3-packaging-20.9-5.el9.noarch.rpm 312 kB/s |  69 kB     00:00
    ansible: (9/15): python3-resolvelib-0.5.4-5.el9.noarch.r 139 kB/s |  29 kB     00:00
    ansible: (10/15): sshpass-1.09-4.el9.x86_64.rpm          992 kB/s |  27 kB     00:00
    ansible: (11/15): ansible-core-2.14.17-1.el9.x86_64.rpm  1.2 MB/s | 2.2 MB     00:01
    ansible: (12/15): vim-enhanced-8.2.2637-21.el9.x86_64.rp  11 MB/s | 1.7 MB     00:00
    ansible: (13/15): git-core-2.43.5-2.el9_5.x86_64.rpm     1.4 MB/s | 4.4 MB     00:03
    ansible: (14/15): vim-common-8.2.2637-21.el9.x86_64.rpm  5.2 MB/s | 6.6 MB     00:01
    ansible: (15/15): ansible-7.7.0-1.el9.noarch.rpm         6.2 MB/s |  34 MB     00:05
    ansible: --------------------------------------------------------------------------------
    ansible: Total                                           8.5 MB/s |  53 MB     00:06
    ansible: Running transaction check
    ansible: Transaction check succeeded.
    ansible: Running transaction test
    ansible: Transaction test succeeded.
    ansible: Running transaction
    ansible:   Preparing        :                                                        1/1
    ansible:   Upgrading        : vim-common-2:8.2.2637-21.el9.x86_64                   1/17
    ansible:   Installing       : git-core-2.43.5-2.el9_5.x86_64                        2/17
    ansible:   Installing       : sshpass-1.09-4.el9.x86_64                             3/17
    ansible:   Installing       : python3-resolvelib-0.5.4-5.el9.noarch                 4/17
    ansible:   Installing       : python3-packaging-20.9-5.el9.noarch                   5/17
    ansible:   Installing       : python3-ply-3.11-14.el9.0.1.noarch                    6/17
    ansible:   Installing       : python3-pycparser-2.20-6.el9.noarch                   7/17
    ansible:   Installing       : python3-cffi-1.14.5-5.el9.x86_64                      8/17
    ansible:   Installing       : python3-cryptography-36.0.1-4.el9.x86_64              9/17
    ansible:   Installing       : python3-setuptools-53.0.0-13.el9.noarch              10/17
    ansible:   Installing       : python3-pyyaml-5.4.1-6.el9.x86_64                    11/17
    ansible:   Installing       : ansible-core-1:2.14.17-1.el9.x86_64                  12/17
    ansible:   Installing       : ansible-1:7.7.0-1.el9.noarch                         13/17
    ansible:   Upgrading        : vim-enhanced-2:8.2.2637-21.el9.x86_64                14/17
    ansible:   Installing       : nano-5.6.1-6.el9.x86_64                              15/17
    ansible:   Cleanup          : vim-enhanced-2:8.2.2637-20.el9_1.x86_64              16/17
    ansible:   Cleanup          : vim-common-2:8.2.2637-20.el9_1.x86_64                17/17
    ansible:   Running scriptlet: vim-common-2:8.2.2637-20.el9_1.x86_64                17/17
    ansible:   Verifying        : ansible-1:7.7.0-1.el9.noarch                          1/17
    ansible:   Verifying        : python3-pyyaml-5.4.1-6.el9.x86_64                     2/17
    ansible:   Verifying        : python3-setuptools-53.0.0-13.el9.noarch               3/17
    ansible:   Verifying        : nano-5.6.1-6.el9.x86_64                               4/17
    ansible:   Verifying        : python3-cryptography-36.0.1-4.el9.x86_64              5/17
    ansible:   Verifying        : python3-cffi-1.14.5-5.el9.x86_64                      6/17
    ansible:   Verifying        : python3-ply-3.11-14.el9.0.1.noarch                    7/17
    ansible:   Verifying        : python3-pycparser-2.20-6.el9.noarch                   8/17
    ansible:   Verifying        : python3-packaging-20.9-5.el9.noarch                   9/17
    ansible:   Verifying        : python3-resolvelib-0.5.4-5.el9.noarch                10/17
    ansible:   Verifying        : sshpass-1.09-4.el9.x86_64                            11/17
    ansible:   Verifying        : git-core-2.43.5-2.el9_5.x86_64                       12/17
    ansible:   Verifying        : ansible-core-1:2.14.17-1.el9.x86_64                  13/17
    ansible:   Verifying        : vim-enhanced-2:8.2.2637-21.el9.x86_64                14/17
    ansible:   Verifying        : vim-enhanced-2:8.2.2637-20.el9_1.x86_64              15/17
    ansible:   Verifying        : vim-common-2:8.2.2637-21.el9.x86_64                  16/17
    ansible:   Verifying        : vim-common-2:8.2.2637-20.el9_1.x86_64                17/17
    ansible: 
    ansible: Upgraded:
    ansible:   vim-common-2:8.2.2637-21.el9.x86_64   vim-enhanced-2:8.2.2637-21.el9.x86_64
    ansible: Installed:
    ansible:   ansible-1:7.7.0-1.el9.noarch
    ansible:   ansible-core-1:2.14.17-1.el9.x86_64
    ansible:   git-core-2.43.5-2.el9_5.x86_64
    ansible:   nano-5.6.1-6.el9.x86_64
    ansible:   python3-cffi-1.14.5-5.el9.x86_64
    ansible:   python3-cryptography-36.0.1-4.el9.x86_64
    ansible:   python3-packaging-20.9-5.el9.noarch
    ansible:   python3-ply-3.11-14.el9.0.1.noarch
    ansible:   python3-pycparser-2.20-6.el9.noarch
    ansible:   python3-pyyaml-5.4.1-6.el9.x86_64
    ansible:   python3-resolvelib-0.5.4-5.el9.noarch
    ansible:   python3-setuptools-53.0.0-13.el9.noarch
    ansible:   sshpass-1.09-4.el9.x86_64
    ansible: 
    ansible: Complete!
    ansible: Generating public/private rsa key pair.
    ansible: Enter file in which to save the key (/home/vagrant/.ssh/id_rsa): Your identification has been saved in /home/vagrant/.ssh/id_rsa
    ansible: Your public key has been saved in /home/vagrant/.ssh/id_rsa.pub
    ansible: The key fingerprint is:
    ansible: SHA256:FxUVmVBMZ/rf4H6kVJQnca+RsMep/lAXsxLkxvhRglk vagrant@ansible
    ansible: The key's randomart image is:
[vagrant@ansible ~]$ cd ansible/projets/ema/
[vagrant@ansible ema]$ ls
ansible.cfg  inventory
[vagrant@ansible ema]$ ansible all -m ping
debian | SUCCESS => {
    "changed": false,
    "ping": "pong"
}
rocky | SUCCESS => {
    "changed": false,
    "ping": "pong"
}
suse | SUCCESS => {
    "changed": false,
    "ping": "pong"
}
[vagrant@ansible ema]$ ansible all -m command -a "df -h /"
debian | CHANGED | rc=0 >>
Filesystem      Size  Used Avail Use% Mounted on
/dev/sda3       124G  2.3G  115G   2% /
suse | CHANGED | rc=0 >>
Filesystem      Size  Used Avail Use% Mounted on
/dev/sda3       124G  2.7G  118G   3% /
rocky | CHANGED | rc=0 >>
Filesystem                  Size  Used Avail Use% Mounted on
/dev/mapper/rl_rocky9-root   70G  2.2G   68G   4% /
[vagrant@ansible ema]$ ansible all -a "df -h /"
debian | CHANGED | rc=0 >>
Filesystem      Size  Used Avail Use% Mounted on
/dev/sda3       124G  2.3G  115G   2% /
suse | CHANGED | rc=0 >>
Filesystem      Size  Used Avail Use% Mounted on
/dev/sda3       124G  2.7G  118G   3% /
rocky | CHANGED | rc=0 >>
Filesystem                  Size  Used Avail Use% Mounted on
/dev/mapper/rl_rocky9-root   70G  2.2G   68G   4% /
[vagrant@ansible ema]$ ansible all -a "hostname" -o
debian | CHANGED | rc=0 | (stdout) debian
rocky | CHANGED | rc=0 | (stdout) rocky
suse | CHANGED | rc=0 | (stdout) suse
[vagrant@ansible ema]$ ansible all -m shell -a "ps -ef | wc -l" -o
debian | CHANGED | rc=0 | (stdout) 98
rocky | CHANGED | rc=0 | (stdout) 117
suse | CHANGED | rc=0 | (stdout) 116
[vagrant@ansible ema]$ ansible all -m shell -a 'echo $RANDOM executable=/bin/bash' -o
debian | CHANGED | rc=0 | (stdout) 29233
suse | CHANGED | rc=0 | (stdout) 30541
rocky | CHANGED | rc=0 | (stdout) 29940
[vagrant@ansible ema]$ ansible all -m file -a "dest=/tmp/test state=directory"
debian | CHANGED => {
    "changed": true,
    "gid": 0,
    "group": "root",
    "mode": "0755",
    "owner": "root",
    "path": "/tmp/test",
    "size": 4096,
    "state": "directory",
    "uid": 0
}
suse | CHANGED => {
    "changed": true,
    "gid": 0,
    "group": "root",
    "mode": "0755",
    "owner": "root",
    "path": "/tmp/test",
    "size": 0,
    "state": "directory",
    "uid": 0
}
rocky | CHANGED => {
    "changed": true,
    "gid": 0,
    "group": "root",
    "mode": "0755",
    "owner": "root",
    "path": "/tmp/test",
    "secontext": "unconfined_u:object_r:user_tmp_t:s0",
    "size": 6,
    "state": "directory",
    "uid": 0
}
[vagrant@ansible ema]$ ansible all -m copy -a "src=/etc/passwd dest=/tmp/test2.txt"
debian | CHANGED => {
    "changed": true,
    "checksum": "f4961eb7410a686edbeebc9cb8f15f77ae6a91cc",
    "dest": "/tmp/test2.txt",
    "gid": 0,
    "group": "root",
    "md5sum": "4b968d881405e6f75e4b9f621f9fb4a3",
    "mode": "0644",
    "owner": "root",
    "size": 1103,
    "src": "/home/vagrant/.ansible/tmp/ansible-tmp-1742812456.5119128-6122-41873685575660/source",
    "state": "file",
    "uid": 0
}
rocky | CHANGED => {
    "changed": true,
    "checksum": "f4961eb7410a686edbeebc9cb8f15f77ae6a91cc",
    "dest": "/tmp/test2.txt",
    "gid": 0,
    "group": "root",
    "md5sum": "4b968d881405e6f75e4b9f621f9fb4a3",
    "mode": "0644",
    "owner": "root",
    "secontext": "unconfined_u:object_r:user_home_t:s0",
    "size": 1103,
    "src": "/home/vagrant/.ansible/tmp/ansible-tmp-1742812456.5187302-6121-95201621966539/source",
    "state": "file",
    "uid": 0
}
suse | CHANGED => {
    "changed": true,
    "checksum": "f4961eb7410a686edbeebc9cb8f15f77ae6a91cc",
    "dest": "/tmp/test2.txt",
    "gid": 0,
    "group": "root",
    "md5sum": "4b968d881405e6f75e4b9f621f9fb4a3",
    "mode": "0644",
    "owner": "root",
    "size": 1103,
    "src": "/home/vagrant/.ansible/tmp/ansible-tmp-1742812456.5296404-6123-110078821296208/source",
    "state": "file",
    "uid": 0
}
[vagrant@ansible ema]$ ansible all -m user -a "name=kevin shell=/bin/bash"
debian | CHANGED => {
    "changed": true,
    "comment": "",
    "create_home": true,
    "group": 1001,
    "home": "/home/kevin",
    "name": "kevin",
    "shell": "/bin/bash",
    "state": "present",
    "system": false,
    "uid": 1001
}
suse | CHANGED => {
    "changed": true,
    "comment": "",
    "create_home": true,
    "group": 100,
    "home": "/home/kevin",
    "name": "kevin",
    "shell": "/bin/bash",
    "state": "present",
    "system": false,
    "uid": 1001
}
rocky | CHANGED => {
    "changed": true,
    "comment": "",
    "create_home": true,
    "group": 1001,
    "home": "/home/kevin",
    "name": "kevin",
    "shell": "/bin/bash",
    "state": "present",
    "system": false,
    "uid": 1001
}
[vagrant@ansible ema]$ ansible all -m package -a "name=cowsay"
rocky | CHANGED => {
    "changed": true,
    "msg": "",
    "rc": 0,
    "results": [
        "Installed: cowsay-3.7.0-10.el9.noarch"
    ]
}
suse | CHANGED => {
    "changed": true,
    "cmd": [
        "/usr/bin/zypper",
        "--quiet",
        "--non-interactive",
        "--xmlout",
        "install",
        "--type",
        "package",
        "--auto-agree-with-licenses",
        "--no-recommends",
        "--",
        "+cowsay"
    ],
    "name": [
        "cowsay"
    ],
    "rc": 0,
    "state": "present",
    "stderr": "",
    "stderr_lines": [],
    "stdout": "<?xml version='1.0'?>\n<stream>\n<message type=\"warning\">Repository &apos;openSUSE-Leap-15.5-Update-Non-Oss&apos; metadata expired since 2024-04-30 11:06:14 UTC.</message>\n<message type=\"warning\">Repository &apos;openSUSE-Leap-15.5-Update-Oss&apos; metadata expired since 2024-02-07 09:23:56 UTC.</message>\n<message type=\"warning\">Repository &apos;Update repository of openSUSE Backports&apos; metadata expired since 2025-03-02 19:18:12 UTC.</message>\n<install-summary download-size=\"47004\" space-usage-diff=\"95935\" packages-to-change=\"1\" need-restart=\"0\" need-reboot=\"0\">\n<to-install>\n<solvable type=\"package\" name=\"cowsay\" edition=\"3.7.0-bp155.1.6\" arch=\"noarch\" repository=\"openSUSE-Leap-15.5-Oss\" summary=\"Configurable talking cow (and some other creatures)\">\n<description>cowsay is a configurable talking cow, written in Perl. It operates\nmuch as the figlet program does, and it written in the same spirit\nof silliness.</description></solvable>\n</to-install>\n</install-summary>\n<prompt id=\"0\">\n<text>Continue?</text>\n<option default=\"1\" value=\"y\" desc=\"Yes, accept the summary and proceed with installation/removal of packages.\"/>\n<option value=\"n\" desc=\"No, cancel the operation.\"/>\n<option value=\"v\" desc=\"Toggle display of package versions.\"/>\n<option value=\"a\" desc=\"Toggle display of package architectures.\"/>\n<option value=\"r\" desc=\"Toggle display of repositories from which the packages will be installed.\"/>\n<option value=\"m\" desc=\"Toggle display of package vendor names.\"/>\n<option value=\"d\" desc=\"Toggle between showing all details and as few details as possible.\"/>\n<option value=\"g\" desc=\"View the summary in pager.\"/>\n</prompt>\n<download url=\"https://mirrors.edge.kernel.org/opensuse/distribution/leap/15.5/repo/oss/noarch/cowsay-3.7.0-bp155.1.6.noarch.rpm\" percent=\"-1\" rate=\"-1\"/>\n<download url=\"https://mirrors.edge.kernel.org/opensuse/distribution/leap/15.5/repo/oss/noarch/cowsay-3.7.0-bp155.1.6.noarch.rpm\" percent=\"0\" rate=\"0\"/>\n<download url=\"https://mirrors.edge.kernel.org/opensuse/distribution/leap/15.5/repo/oss/noarch/cowsay-3.7.0-bp155.1.6.noarch.rpm\" percent=\"0\" rate=\"0\"/>\n<download url=\"https://mirrors.edge.kernel.org/opensuse/distribution/leap/15.5/repo/oss/noarch/cowsay-3.7.0-bp155.1.6.noarch.rpm\" percent=\"0\" rate=\"0\"/>\n<download url=\"https://mirrors.edge.kernel.org/opensuse/distribution/leap/15.5/repo/oss/noarch/cowsay-3.7.0-bp155.1.6.noarch.rpm\" rate=\"0\" done=\"1\"/>\n</stream>\n",
    "stdout_lines": [
        "<?xml version='1.0'?>",
        "<stream>",
        "<message type=\"warning\">Repository &apos;openSUSE-Leap-15.5-Update-Non-Oss&apos; metadata expired since 2024-04-30 11:06:14 UTC.</message>",
        "<message type=\"warning\">Repository &apos;openSUSE-Leap-15.5-Update-Oss&apos; metadata expired since 2024-[vagrant@ansible ema]$ ansible all -m reboot
debian | CHANGED => {
    "changed": true,
    "elapsed": 15,
    "rebooted": true
}
rocky | CHANGED => {
    "changed": true,
    "elapsed": 15,
    "rebooted": true
}
suse | CHANGED => {
    "changed": true,
    "elapsed": 51,
    "rebooted": true
}
[vagrant@ansible ema]$ 
