[vagrant@ansible ema]$ ansible all -m package -a "name=tree state=present"
debian | CHANGED => {
    "cache_update_time": 1742889255,
    "cache_updated": false,
    "changed": true,
    "stderr": "",
    "stderr_lines": [],
    "stdout": "Reading package lists...\nBuilding dependency tree...\nReading state information...\nThe following NEW packages will be installed:\n  tree\n0 upgraded, 1 newly installed, 0 to remove and 95 not upgraded.\nNeed to get 52.5 kB of archives.\nAfter this operation, 116 kB of additional disk space will be used.\nGet:1 http://deb.debian.org/debian bookworm/main amd64 tree amd64 2.1.0-1 [52.5 kB]\nFetched 52.5 kB in 0s (182 kB/s)\nSelecting previously unselected package tree.\r\n(Reading database ... \r(Reading database ... 5%\r(Reading database ... 10%\r(Reading database ... 15%\r(Reading database ... 20%\r(Reading database ... 25%\r(Reading database ... 30%\r(Reading database ... 35%\r(Reading database ... 40%\r(Reading database ... 45%\r(Reading database ... 50%\r(Reading database ... 55%\r(Reading database ... 60%\r(Reading database ... 65%\r(Reading database ... 70%\r(Reading database ... 75%\r(Reading database ... 80%\r(Reading database ... 85%\r(Reading database ... 90%\r(Reading database ... 95%\r(Reading database ... 100%\r(Reading database ... 60505 files and directories currently installed.)\r\nPreparing to unpack .../tree_2.1.0-1_amd64.deb ...\r\nUnpacking tree (2.1.0-1) ...\r\nSetting up tree (2.1.0-1) ...\r\nProcessing triggers for man-db (2.11.2-2) ...\r\n",
    "stdout_lines": [
        "Reading package lists...",
        "Building dependency tree...",
        "Reading state information...",
        "The following NEW packages will be installed:",
        "  tree",
        "0 upgraded, 1 newly installed, 0 to remove and 95 not upgraded.",
        "Need to get 52.5 kB of archives.",
        "After this operation, 116 kB of additional disk space will be used.",
        "Get:1 http://deb.debian.org/debian bookworm/main amd64 tree amd64 2.1.0-1 [52.5 kB]",
        "Fetched 52.5 kB in 0s (182 kB/s)",
        "Selecting previously unselected package tree.",
        "(Reading database ... ",
        "(Reading database ... 5%",
        "(Reading database ... 10%",
        "(Reading database ... 15%",
        "(Reading database ... 20%",
        "(Reading database ... 25%",
        "(Reading database ... 30%",
        "(Reading database ... 35%",
        "(Reading database ... 40%",
        "(Reading database ... 45%",
        "(Reading database ... 50%",
        "(Reading database ... 55%",
        "(Reading database ... 60%",
        "(Reading database ... 65%",
        "(Reading database ... 70%",
        "(Reading database ... 75%",
        "(Reading database ... 80%",
        "(Reading database ... 85%",
        "(Reading database ... 90%",
        "(Reading database ... 95%",
        "(Reading database ... 100%",
        "(Reading database ... 60505 files and directories currently installed.)",
        "Preparing to unpack .../tree_2.1.0-1_amd64.deb ...",
        "Unpacking tree (2.1.0-1) ...",
        "Setting up tree (2.1.0-1) ...",
        "Processing triggers for man-db (2.11.2-2) ..."
    ]
}
rocky | CHANGED => {
    "changed": true,
    "msg": "",
    "rc": 0,
    "results": [
        "Installed: tree-1.8.0-10.el9.x86_64"
    ]
}
suse | CHANGED => {
    "changed": true,
    "cmd": [
        "/usr/bin/zypper",
        "--quiet",
        "--non-interactive",
        "--xmlout",
        "install",
        "--type",
        "package",
        "--auto-agree-with-licenses",
        "--no-recommends",
        "--",
        "+tree"
    ],
    "name": [
        "tree"
    ],
    "rc": 0,
    "state": "present",
    "stderr": "",
    "stderr_lines": [],
    "stdout": "<?xml version='1.0'?>\n<stream>\n<message type=\"warning\">Repository &apos;openSUSE-Leap-15.5-Update-Non-Oss&apos; metadata expired since 2024-04-30 11:06:14 UTC.</message>\n<message type=\"warning\">Repository &apos;openSUSE-Leap-15.5-Update-Oss&apos; metadata expired since 2024-02-07 09:23:56 UTC.</message>\n<message type=\"warning\">Repository &apos;Update repository of openSUSE Backports&apos; metadata expired since 2025-03-02 19:18:12 UTC.</message>\n<install-summary download-size=\"56772\" space-usage-diff=\"116508\" packages-to-change=\"1\" need-restart=\"0\" need-reboot=\"0\">\n<to-install>\n<solvable type=\"package\" name=\"tree\" edition=\"1.7.0-150000.3.2.1\" arch=\"x86_64\" repository=\"repo-sle-update\" summary=\"File listing as a tree\">\n<description>Tree is a recursive directory listing command that produces a depth\nindented listing of files, which is colorized ala dircolors if the\nLS_COLORS environment variable is set and output is to tty.</description></solvable>\n</to-install>\n</install-summary>\n<prompt id=\"0\">\n<text>Continue?</text>\n<option default=\"1\" value=\"y\" desc=\"Yes, accept the summary and proceed with installation/removal of packages.\"/>\n<option value=\"n\" desc=\"No, cancel the operation.\"/>\n<option value=\"v\" desc=\"Toggle display of package versions.\"/>\n<option value=\"a\" desc=\"Toggle display of package architectures.\"/>\n<option value=\"r\" desc=\"Toggle display of repositories from which the packages will be installed.\"/>\n<option value=\"m\" desc=\"Toggle display of package vendor names.\"/>\n<option value=\"d\" desc=\"Toggle between showing all details and as few details as possible.\"/>\n<option value=\"g\" desc=\"View the summary in pager.\"/>\n</prompt>\n<download url=\"http://download.opensuse.org/update/leap/15.5/sle/x86_64/tree-1.7.0-150000.3.2.1.x86_64.rpm\" percent=\"-1\" rate=\"-1\"/>\n<download url=\"http://download.opensuse.org/update/leap/15.5/sle/x86_64/tree-1.7.0-150000.3.2.1.x86_64.rpm\" percent=\"0\" rate=\"0\"/>\n<download url=\"http://download.opensuse.org/update/leap/15.5/sle/x86_64/tree-1.7.0-150000.3.2.1.x86_64.rpm\" percent=\"1\" rate=\"1006\"/>\n<download url=\"http://download.opensuse.org/update/leap/15.5/sle/x86_64/tree-1.7.0-150000.3.2.1.x86_64.rpm\" rate=\"1006\" done=\"1\"/>\n</stream>\n",
    "stdout_lines": [
        "<?xml version='1.0'?>",
        "<stream>",
        "<message type=\"warning\">Repository &apos;openSUSE-Leap-15.5-Update-Non-Oss&apos; metadata expired since 2024-04-30 11:06:14 UTC.</message>",
        "<message type=\"warning\">Repository &apos;openSUSE-Leap-15.5-Update-Oss&apos; metadata expired since 2024-02-07 09:23:56 UTC.</message>",
        "<message type=\"warning\">Repository &apos;Update repository of openSUSE Backports&apos; metadata expired since 2025-03-02 19:18:12 UTC.</message>",
        "<install-summary download-size=\"56772\" space-usage-diff=\"116508\" packages-to-change=\"1\" need-restart=\"0\" need-reboot=\"0\">",
        "<to-install>",
        "<solvable type=\"package\" name=\"tree\" edition=\"1.7.0-150000.3.2.1\" arch=\"x86_64\" repository=\"repo-sle-update\" summary=\"File listing as a tree\">",
        "<description>Tree is a recursive directory listing command that produces a depth",
        "indented listing of files, which is colorized ala dircolors if the",
        "LS_COLORS environment variable is set and output is to tty.</description></solvable>",
        "</to-install>",
        "</install-summary>",
        "<prompt id=\"0\">",
        "<text>Continue?</text>",
        "<option default=\"1\" value=\"y\" desc=\"Yes, accept the summary and proceed with installation/removal of packages.\"/>",
        "<option value=\"n\" desc=\"No, cancel the operation.\"/>",
        "<option value=\"v\" desc=\"Toggle display of package versions.\"/>",
        "<option value=\"a\" desc=\"Toggle display of package architectures.\"/>",
        "<option value=\"r\" desc=\"Toggle display of repositories from which the packages will be installed.\"/>",
        "<option value=\"m\" desc=\"Toggle display of package vendor names.\"/>",
        "<option value=\"d\" desc=\"Toggle between showing all details and as few details as possible.\"/>",
        "<option value=\"g\" desc=\"View the summary in pager.\"/>",
        "</prompt>",
        "<download url=\"http://download.opensuse.org/update/leap/15.5/sle/x86_64/tree-1.7.0-150000.3.2.1.x86_64.rpm\" percent=\"-1\" rate=\"-1\"/>",
        "<download url=\"http://download.opensuse.org/update/leap/15.5/sle/x86_64/tree-1.7.0-150000.3.2.1.x86_64.rpm\" percent=\"0\" rate=\"0\"/>",
        "<download url=\"http://download.opensuse.org/update/leap/15.5/sle/x86_64/tree-1.7.0-150000.3.2.1.x86_64.rpm\" percent=\"1\" rate=\"1006\"/>",
        "<download url=\"http://download.opensuse.org/update/leap/15.5/sle/x86_64/tree-1.7.0-150000.3.2.1.x86_64.rpm\" rate=\"1006\" done=\"1\"/>",
        "</stream>"
    ],
    "update_cache": false
}
[vagrant@ansible ema]$ ansible all -m package -a "name=git state=present"
debian | SUCCESS => {
    "cache_update_time": 1742889255,
    "cache_updated": false,
    "changed": false
}
rocky | CHANGED => {
    "changed": true,
    "msg": "",
    "rc": 0,
    "results": [
        "Installed: git-core-2.43.5-2.el9_5.x86_64",
        "Installed: git-2.43.5-2.el9_5.x86_64",
        "Installed: perl-Git-2.43.5-2.el9_5.noarch",
        "Installed: git-core-doc-2.43.5-2.el9_5.noarch",
        "Installed: perl-Error-1:0.17029-7.el9.noarch"
    ]
}
suse | CHANGED => {
    "changed": true,
    "cmd": [
        "/usr/bin/zypper",
        "--quiet",
        "--non-interactive",
        "--xmlout",
        "install",
        "--type",
        "package",
        "--auto-agree-with-licenses",
        "--no-recommends",
        "--",
        "+git"
    ],
    "name": [
        "git"
    ],
    "rc": 0,
    "state": "present",
    "stderr": "",
    "stderr_lines": [],
    "stdout": "<?xml version='1.0'?>\n<stream>\n<message type=\"warning\">Repository &apos;openSUSE-Leap-15.5-Update-Non-Oss&apos; metadata expired since 2024-04-30 11:06:14 UTC.</message>\n<message type=\"warning\">Repository &apos;openSUSE-Leap-15.5-Update-Oss&apos; metadata expired since 2024-02-07 09:23:56 UTC.</message>\n<message type=\"warning\">Repository &apos;Update repository of openSUSE Backports&apos; metadata expired since 2025-03-02 19:18:12 UTC.</message>\n<install-summary download-size=\"5451684\" space-usage-diff=\"28550248\" packages-to-change=\"5\" need-restart=\"0\" need-reboot=\"0\">\n<to-install>\n<solvable type=\"package\" name=\"git\" edition=\"2.35.3-150300.10.45.2\" arch=\"x86_64\" repository=\"repo-sle-update\" summary=\"Fast, scalable, distributed revision control system\">\n<description>Git is a fast, scalable, distributed revision control system with an\nunusually rich command set that provides both high-level operations and\nfull access to internals.\n\nThis package itself only provides the README of git but with the\npackages it requires, it brings you a complete Git environment\nincluding GTK and email interfaces and tools for importing source code\nrepositories from other revision control systems such as subversion,\nCVS, and GNU arch.</description></solvable>\n<solvable type=\"package\" name=\"git-core\" edition=\"2.35.3-150300.10.45.2\" arch=\"x86_64\" repository=\"repo-sle-update\" summary=\"Core git tools\">\n<description>Git is a fast, scalable, distributed revision control system with an\nunusually rich command set that provides both high-level operations and\nfull access to internals.\n\nThese are the core tools with minimal dependencies.</description></solvable>\n<solvable type=\"package\" name=\"libsha1detectcoll1\" edition=\"1.0.3-2.18\" arch=\"x86_64\" repository=\"openSUSE-Leap-15.5-Oss\" summary=\"Library that can detect SHA-1 collisions\">\n<description>This library was designed as near drop-in replacements for other sha1sum\nimplementations. It will compute the SHA-1 hash of any given file and additionally\nwill detect cryptanalytic collision attacks against SHA-1 present in each file.\nIt is very fast and takes less than twice the amount of time as regular SHA-1.</description></solvable>\n<solvable type=\"package\" name=\"perl-Error\" edition=\"0.17025-1.20\" arch=\"noarch\" repository=\"openSUSE-Leap-15.5-Oss\" summary=\"Error/exception handling in an OO-ish way\">\n<description>The &apos;Error&apos; package provides two interfaces. Firstly &apos;Error&apos; provides a\nprocedural interface to exception handling. Secondly &apos;Error&apos; is a base\nclass for errors/exceptions that can either be thrown, for subsequent\ncatch, or can simply be recorded.\n\nErrors in the class &apos;Error&apos; should not be thrown directly, but the user\nshould throw errors from a sub-class of &apos;Error&apos;.</description></solvable>\n<solvable type=\"package\" name=\"perl-Git\" edition=\"2.35.3-150300.10.45.2\" arch=\"x86_64\" repository=\"repo-sle-update\" summary=\"perl Bindings for Git\">\n<description>Git is a fast, scalable, distributed revision control system with an\nunusually rich command set that provides both high-level operations and\nfull access to internals.\n\nThis package provides the Perl interface to the Git version control system.</description></solvable>\n</to-install>\n</install-summary>\n<prompt id=\"0\">\n<text>Continue?</text>\n<option default=\"1\" value=\"y\" desc=\"Yes, accept the summary and proceed with installation/removal of packages.\"/>\n<option value=\"n\" desc=\"No, cancel the operation.\"/>\n<option value=\"v\" desc=\"Toggle display of package versions.\"/>\n<option value=\"a\" desc=\"Toggle display of package architectures.\"/>\n<option value=\"r\" desc=\"Toggle display of repositories from which the packages will be installed.\"/>\n<option value=\"m\" desc=\"Toggle display of package vendor names.\"/>\n<option value=\"d\" desc=\"Toggle between showing all details and as few details as possible.\"/>\n<option value=\"g\" desc=\"View the summary in pager.\"/>\n</prompt>\n<download url=\"https://mirrors.edge.kernel.org/opensuse/distribution/leap/15.5/repo/oss/x86_64/libsha1detectcoll1-1.0.3-2.18.x86_64.rpm\" percent=\"-1\" rate=\"-1\"/>\n<download url=\"https://mirrors.edge.kernel.org/opensuse/distribution/leap/15.5/repo/oss/x86_64/libsha1detectcoll1-1.0.3-2.18.x86_64.rpm\" percent=\"0\" rate=\"0\"/>\n<download url=\"https://mirrors.edge.kernel.org/opensuse/distribution/leap/15.5/repo/oss/x86_64/libsha1detectcoll1-1.0.3-2.18.x86_64.rpm\" percent=\"0\" rate=\"0\"/>\n<download url=\"https://mirrors.edge.kernel.org/opensuse/distribution/leap/15.5/repo/oss/x86_64/libsha1detectcoll1-1.0.3-2.18.x86_64.rpm\" percent=\"0\" rate=\"0\"/>\n<download url=\"https://mirrors.edge.kernel.org/opensuse/distribution/leap/15.5/repo/oss/x86_64/libsha1detectcoll1-1.0.3-2.18.x86_64.rpm\" rate=\"0\" done=\"1\"/>\n<download url=\"https://mirrors.edge.kernel.org/opensuse/distribution/leap/15.5/repo/oss/noarch/perl-Error-0.17025-1.20.noarch.rpm\" percent=\"-1\" rate=\"-1\"/>\n<download url=\"https://mirrors.edge.kernel.org/opensuse/distribution/leap/15.5/repo/oss/noarch/perl-Error-0.17025-1.20.noarch.rpm\" percent=\"0\" rate=\"0\"/>\n<download url=\"https://mirrors.edge.kernel.org/opensuse/distribution/leap/15.5/repo/oss/noarch/perl-Error-0.17025-1.20.noarch.rpm\" rate=\"0\" done=\"1\"/>\n<download url=\"http://download.opensuse.org/update/leap/15.5/sle/x86_64/git-core-2.35.3-150300.10.45.2.x86_64.rpm\" percent=\"-1\" rate=\"-1\"/>\n<download url=\"http://download.opensuse.org/update/leap/15.5/sle/x86_64/git-core-2.35.3-150300.10.45.2.x86_64.rpm\" percent=\"0\" rate=\"0\"/>\n<download url=\"http://download.opensuse.org/update/leap/15.5/sle/x86_64/git-core-2.35.3-150300.10.45.2.x86_64.rpm\" percent=\"0\" rate=\"1044\"/>\n<download url=\"http://download.opensuse.org/update/leap/15.5/sle/x86_64/git-core-2.35.3-150300.10.45.2.x86_64.rpm\" percent=\"0\" rate=\"0\"/>\n<download url=\"http://download.opensuse.org/update/leap/15.5/sle/x86_64/git-core-2.35.3-150300.10.45.2.x86_64.rpm\" percent=\"0\" rate=\"143404\"/>\n<download url=\"http://download.opensuse.org/update/leap/15.5/sle/x86_64/git-core-2.35.3-150300.10.45.2.x86_64.rpm\" percent=\"6\" rate=\"1219216\"/>\n<download url=\"http://download.opensuse.org/update/leap/15.5/sle/x86_64/git-core-2.35.3-150300.10.45.2.x86_64.rpm\" percent=\"32\" rate=\"3306088\"/>\n<download url=\"http://download.opensuse.org/update/leap/15.5/sle/x86_64/git-core-2.35.3-150300.10.45.2.x86_64.rpm\" percent=\"59\" rate=\"4756007\"/>\n<download url=\"http://download.opensuse.org/update/leap/15.5/sle/x86_64/git-core-2.35.3-150300.10.45.2.x86_64.rpm\" percent=\"76\" rate=\"4777000\"/>\n<download url=\"http://download.opensuse.org/update/leap/15.5/sle/x86_64/git-core-2.35.3-150300.10.45.2.x86_64.rpm\" percent=\"80\" rate=\"4777000\"/>\n<download url=\"http://download.opensuse.org/update/leap/15.5/sle/x86_64/git-core-2.35.3-150300.10.45.2.x86_64.rpm\" percent=\"93\" rate=\"4777000\"/>\n<download url=\"http://download.opensuse.org/update/leap/15.5/sle/x86_64/git-core-2.35.3-150300.10.45.2.x86_64.rpm\" rate=\"5395683\" done=\"1\"/>\n<download url=\"http://download.opensuse.org/update/leap/15.5/sle/x86_64/perl-Git-2.35.3-150300.10.45.2.x86_64.rpm\" percent=\"-1\" rate=\"-1\"/>\n<download url=\"http://download.opensuse.org/update/leap/15.5/sle/x86_64/perl-Git-2.35.3-150300.10.45.2.x86_64.rpm\" percent=\"0\" rate=\"0\"/>\n<download url=\"http://download.opensuse.org/update/leap/15.5/sle/x86_64/perl-Git-2.35.3-150300.10.45.2.x86_64.rpm\" percent=\"0\" rate=\"2758\"/>\n<download url=\"http://download.opensuse.org/update/leap/15.5/sle/x86_64/perl-Git-2.35.3-150300.10.45.2.x86_64.rpm\" rate=\"2758\" done=\"1\"/>\n<download url=\"http://download.opensuse.org/update/leap/15.5/sle/x86_64/git-2.35.3-150300.10.45.2.x86_64.rpm\" percent=\"-1\" rate=\"-1\"/>\n<download url=\"http://download.opensuse.org/update/leap/15.5/sle/x86_64/git-2.35.3-150300.10.45.2.x86_64.rpm\" percent=\"0\" rate=\"0\"/>\n<download url=\"http://download.opensuse.org/update/leap/15.5/sle/x86_64/git-2.35.3-150300.10.45.2.x86_64.rpm\" percent=\"0\" rate=\"0\"/>\n<download url=\"http://download.opensuse.org/update/leap/15.5/sle/x86_64/git-2.35.3-150300.10.45.2.x86_64.rpm\" rate=\"0\" done=\"1\"/>\n</stream>\n",
    "stdout_lines": [
        "<?xml version='1.0'?>",
        "<stream>",
        "<message type=\"warning\">Repository &apos;openSUSE-Leap-15.5-Update-Non-Oss&apos; metadata expired since 2024-04-30 11:06:14 UTC.</message>",
        "<message type=\"warning\">Repository &apos;openSUSE-Leap-15.5-Update-Oss&apos; metadata expired since 2024-02-07 09:23:56 UTC.</message>",
        "<message type=\"warning\">Repository &apos;Update repository of openSUSE Backports&apos; metadata expired since 2025-03-02 19:18:12 UTC.</message>",
        "<install-summary download-size=\"5451684\" space-usage-diff=\"28550248\" packages-to-change=\"5\" need-restart=\"0\" need-reboot=\"0\">",
        "<to-install>",
        "<solvable type=\"package\" name=\"git\" edition=\"2.35.3-150300.10.45.2\" arch=\"x86_64\" repository=\"repo-sle-update\" summary=\"Fast, scalable, distributed revision control system\">",
        "<description>Git is a fast, scalable, distributed revision control system with an",
        "unusually rich command set that provides both high-level operations and",
        "full access to internals.",
        "",
        "This package itself only provides the README of git but with the",
        "packages it requires, it brings you a complete Git environment",
        "including GTK and email interfaces and tools for importing source code",
        "repositories from other revision control systems such as subversion,",
        "CVS, and GNU arch.</description></solvable>",
        "<solvable type=\"package\" name=\"git-core\" edition=\"2.35.3-150300.10.45.2\" arch=\"x86_64\" repository=\"repo-sle-update\" summary=\"Core git tools\">",
        "<description>Git is a fast, scalable, distributed revision control system with an",
        "unusually rich command set that provides both high-level operations and",
        "full access to internals.",
        "",
        "These are the core tools with minimal dependencies.</description></solvable>",
        "<solvable type=\"package\" name=\"libsha1detectcoll1\" edition=\"1.0.3-2.18\" arch=\"x86_64\" repository=\"openSUSE-Leap-15.5-Oss\" summary=\"Library that can detect SHA-1 collisions\">",
        "<description>This library was designed as near drop-in replacements for other sha1sum",
        "implementations. It will compute the SHA-1 hash of any given file and additionally",
        "will detect cryptanalytic collision attacks against SHA-1 present in each file.",
        "It is very fast and takes less than twice the amount of time as regular SHA-1.</description></solvable>",
        "<solvable type=\"package\" name=\"perl-Error\" edition=\"0.17025-1.20\" arch=\"noarch\" repository=\"openSUSE-Leap-15.5-Oss\" summary=\"Error/exception handling in an OO-ish way\">",
        "<description>The &apos;Error&apos; package provides two interfaces. Firstly &apos;Error&apos; provides a",
        "procedural interface to exception handling. Secondly &apos;Error&apos; is a base",
        "class for errors/exceptions that can either be thrown, for subsequent",
        "catch, or can simply be recorded.",
        "",
        "Errors in the class &apos;Error&apos; should not be thrown directly, but the user",
        "should throw errors from a sub-class of &apos;Error&apos;.</description></solvable>",
        "<solvable type=\"package\" name=\"perl-Git\" edition=\"2.35.3-150300.10.45.2\" arch=\"x86_64\" repository=\"repo-sle-update\" summary=\"perl Bindings for Git\">",
        "<description>Git is a fast, scalable, distributed revision control system with an",
        "unusually rich command set that provides both high-level operations and",
        "full access to internals.",
        "",
        "This package provides the Perl interface to the Git version control system.</description></solvable>",
        "</to-install>",
        "</install-summary>",
        "<prompt id=\"0\">",
        "<text>Continue?</text>",
        "<option default=\"1\" value=\"y\" desc=\"Yes, accept the summary and proceed with installation/removal of packages.\"/>",
        "<option value=\"n\" desc=\"No, cancel the operation.\"/>",
        "<option value=\"v\" desc=\"Toggle display of package versions.\"/>",
        "<option value=\"a\" desc=\"Toggle display of package architectures.\"/>",
        "<option value=\"r\" desc=\"Toggle display of repositories from which the packages will be installed.\"/>",
        "<option value=\"m\" desc=\"Toggle display of package vendor names.\"/>",
        "<option value=\"d\" desc=\"Toggle between showing all details and as few details as possible.\"/>",
        "<option value=\"g\" desc=\"View the summary in pager.\"/>",
        "</prompt>",
        "<download url=\"https://mirrors.edge.kernel.org/opensuse/distribution/leap/15.5/repo/oss/x86_64/libsha1detectcoll1-1.0.3-2.18.x86_64.rpm\" percent=\"-1\" rate=\"-1\"/>",
        "<download url=\"https://mirrors.edge.kernel.org/opensuse/distribution/leap/15.5/repo/oss/x86_64/libsha1detectcoll1-1.0.3-2.18.x86_64.rpm\" percent=\"0\" rate=\"0\"/>",
        "<download url=\"https://mirrors.edge.kernel.org/opensuse/distribution/leap/15.5/repo/oss/x86_64/libsha1detectcoll1-1.0.3-2.18.x86_64.rpm\" percent=\"0\" rate=\"0\"/>",
        "<download url=\"https://mirrors.edge.kernel.org/opensuse/distribution/leap/15.5/repo/oss/x86_64/libsha1detectcoll1-1.0.3-2.18.x86_64.rpm\" percent=\"0\" rate=\"0\"/>",
        "<download url=\"https://mirrors.edge.kernel.org/opensuse/distribution/leap/15.5/repo/oss/x86_64/libsha1detectcoll1-1.0.3-2.18.x86_64.rpm\" rate=\"0\" done=\"1\"/>",
        "<download url=\"https://mirrors.edge.kernel.org/opensuse/distribution/leap/15.5/repo/oss/noarch/perl-Error-0.17025-1.20.noarch.rpm\" percent=\"-1\" rate=\"-1\"/>",
        "<download url=\"https://mirrors.edge.kernel.org/opensuse/distribution/leap/15.5/repo/oss/noarch/perl-Error-0.17025-1.20.noarch.rpm\" percent=\"0\" rate=\"0\"/>",
        "<download url=\"https://mirrors.edge.kernel.org/opensuse/distribution/leap/15.5/repo/oss/noarch/perl-Error-0.17025-1.20.noarch.rpm\" rate=\"0\" done=\"1\"/>",
        "<download url=\"http://download.opensuse.org/update/leap/15.5/sle/x86_64/git-core-2.35.3-150300.10.45.2.x86_64.rpm\" percent=\"-1\" rate=\"-1\"/>",
        "<download url=\"http://download.opensuse.org/update/leap/15.5/sle/x86_64/git-core-2.35.3-150300.10.45.2.x86_64.rpm\" percent=\"0\" rate=\"0\"/>",
        "<download url=\"http://download.opensuse.org/update/leap/15.5/sle/x86_64/git-core-2.35.3-150300.10.45.2.x86_64.rpm\" percent=\"0\" rate=\"1044\"/>",
        "<download url=\"http://download.opensuse.org/update/leap/15.5/sle/x86_64/git-core-2.35.3-150300.10.45.2.x86_64.rpm\" percent=\"0\" rate=\"0\"/>",
        "<download url=\"http://download.opensuse.org/update/leap/15.5/sle/x86_64/git-core-2.35.3-150300.10.45.2.x86_64.rpm\" percent=\"0\" rate=\"143404\"/>",
        "<download url=\"http://download.opensuse.org/update/leap/15.5/sle/x86_64/git-core-2.35.3-150300.10.45.2.x86_64.rpm\" percent=\"6\" rate=\"1219216\"/>",
        "<download url=\"http://download.opensuse.org/update/leap/15.5/sle/x86_64/git-core-2.35.3-150300.10.45.2.x86_64.rpm\" percent=\"32\" rate=\"3306088\"/>",
        "<download url=\"http://download.opensuse.org/update/leap/15.5/sle/x86_64/git-core-2.35.3-150300.10.45.2.x86_64.rpm\" percent=\"59\" rate=\"4756007\"/>",
        "<download url=\"http://download.opensuse.org/update/leap/15.5/sle/x86_64/git-core-2.35.3-150300.10.45.2.x86_64.rpm\" percent=\"76\" rate=\"4777000\"/>",
        "<download url=\"http://download.opensuse.org/update/leap/15.5/sle/x86_64/git-core-2.35.3-150300.10.45.2.x86_64.rpm\" percent=\"80\" rate=\"4777000\"/>",
        "<download url=\"http://download.opensuse.org/update/leap/15.5/sle/x86_64/git-core-2.35.3-150300.10.45.2.x86_64.rpm\" percent=\"93\" rate=\"4777000\"/>",
        "<download url=\"http://download.opensuse.org/update/leap/15.5/sle/x86_64/git-core-2.35.3-150300.10.45.2.x86_64.rpm\" rate=\"5395683\" done=\"1\"/>",
        "<download url=\"http://download.opensuse.org/update/leap/15.5/sle/x86_64/perl-Git-2.35.3-150300.10.45.2.x86_64.rpm\" percent=\"-1\" rate=\"-1\"/>",
        "<download url=\"http://download.opensuse.org/update/leap/15.5/sle/x86_64/perl-Git-2.35.3-150300.10.45.2.x86_64.rpm\" percent=\"0\" rate=\"0\"/>",
        "<download url=\"http://download.opensuse.org/update/leap/15.5/sle/x86_64/perl-Git-2.35.3-150300.10.45.2.x86_64.rpm\" percent=\"0\" rate=\"2758\"/>",
        "<download url=\"http://download.opensuse.org/update/leap/15.5/sle/x86_64/perl-Git-2.35.3-150300.10.45.2.x86_64.rpm\" rate=\"2758\" done=\"1\"/>",
        "<download url=\"http://download.opensuse.org/update/leap/15.5/sle/x86_64/git-2.35.3-150300.10.45.2.x86_64.rpm\" percent=\"-1\" rate=\"-1\"/>",
        "<download url=\"http://download.opensuse.org/update/leap/15.5/sle/x86_64/git-2.35.3-150300.10.45.2.x86_64.rpm\" percent=\"0\" rate=\"0\"/>",
        "<download url=\"http://download.opensuse.org/update/leap/15.5/sle/x86_64/git-2.35.3-150300.10.45.2.x86_64.rpm\" percent=\"0\" rate=\"0\"/>",
        "<download url=\"http://download.opensuse.org/update/leap/15.5/sle/x86_64/git-2.35.3-150300.10.45.2.x86_64.rpm\" rate=\"0\" done=\"1\"/>",
        "</stream>"
    ],
    "update_cache": false
}
[vagrant@ansible ema]$ ansible all -m package -a "name=nmap state=present"
debian | CHANGED => {
    "cache_update_time": 1742889255,
    "cache_updated": false,
    "changed": true,
    "stderr": "",
    "stderr_lines": [],
    "stdout": "Reading package lists...\nBuilding dependency tree...\nReading state information...\nThe following additional packages will be installed:\n  libblas3 liblinear4 liblua5.3-0 libpcap0.8 libpcre3 lua-lpeg nmap-common\nSuggested packages:\n  liblinear-tools liblinear-dev ncat ndiff zenmap\nThe following NEW packages will be installed:\n  libblas3 liblinear4 liblua5.3-0 libpcap0.8 libpcre3 lua-lpeg nmap\n  nmap-common\n0 upgraded, 8 newly installed, 0 to remove and 95 not upgraded.\nNeed to get 6896 kB of archives.\nAfter this operation, 28.7 MB of additional disk space will be used.\nGet:1 http://deb.debian.org/debian bookworm/main amd64 libblas3 amd64 3.11.0-2 [149 kB]\nGet:2 http://deb.debian.org/debian bookworm/main amd64 liblinear4 amd64 2.3.0+dfsg-5 [43.6 kB]\nGet:3 http://deb.debian.org/debian bookworm/main amd64 liblua5.3-0 amd64 5.3.6-2 [123 kB]\nGet:4 http://deb.debian.org/debian bookworm/main amd64 libpcap0.8 amd64 1.10.3-1 [157 kB]\nGet:5 http://deb.debian.org/debian bookworm/main amd64 libpcre3 amd64 2:8.39-15 [341 kB]\nGet:6 http://deb.debian.org/debian bookworm/main amd64 lua-lpeg amd64 1.0.2-2 [37.7 kB]\nGet:7 http://deb.debian.org/debian bookworm/main amd64 nmap-common all 7.93+dfsg1-1 [4148 kB]\nGet:8 http://deb.debian.org/debian bookworm/main amd64 nmap amd64 7.93+dfsg1-1 [1897 kB]\nFetched 6896 kB in 1s (5500 kB/s)\nSelecting previously unselected package libblas3:amd64.\r\n(Reading database ... \r(Reading database ... 5%\r(Reading database ... 10%\r(Reading database ... 15%\r(Reading database ... 20%\r(Reading database ... 25%\r(Reading database ... 30%\r(Reading database ... 35%\r(Reading database ... 40%\r(Reading database ... 45%\r(Reading database ... 50%\r(Reading database ... 55%\r(Reading database ... 60%\r(Reading database ... 65%\r(Reading database ... 70%\r(Reading database ... 75%\r(Reading database ... 80%\r(Reading database ... 85%\r(Reading database ... 90%\r(Reading database ... 95%\r(Reading database ... 100%\r(Reading database ... 60513 files and directories currently installed.)\r\nPreparing to unpack .../0-libblas3_3.11.0-2_amd64.deb ...\r\nUnpacking libblas3:amd64 (3.11.0-2) ...\r\nSelecting previously unselected package liblinear4:amd64.\r\nPreparing to unpack .../1-liblinear4_2.3.0+dfsg-5_amd64.deb ...\r\nUnpacking liblinear4:amd64 (2.3.0+dfsg-5) ...\r\nSelecting previously unselected package liblua5.3-0:amd64.\r\nPreparing to unpack .../2-liblua5.3-0_5.3.6-2_amd64.deb ...\r\nUnpacking liblua5.3-0:amd64 (5.3.6-2) ...\r\nSelecting previously unselected package libpcap0.8:amd64.\r\nPreparing to unpack .../3-libpcap0.8_1.10.3-1_amd64.deb ...\r\nUnpacking libpcap0.8:amd64 (1.10.3-1) ...\r\nSelecting previously unselected package libpcre3:amd64.\r\nPreparing to unpack .../4-libpcre3_2%3a8.39-15_amd64.deb ...\r\nUnpacking libpcre3:amd64 (2:8.39-15) ...\r\nSelecting previously unselected package lua-lpeg:amd64.\r\nPreparing to unpack .../5-lua-lpeg_1.0.2-2_amd64.deb ...\r\nUnpacking lua-lpeg:amd64 (1.0.2-2) ...\r\nSelecting previously unselected package nmap-common.\r\nPreparing to unpack .../6-nmap-common_7.93+dfsg1-1_all.deb ...\r\nUnpacking nmap-common (7.93+dfsg1-1) ...\r\nSelecting previously unselected package nmap.\r\nPreparing to unpack .../7-nmap_7.93+dfsg1-1_amd64.deb ...\r\nUnpacking nmap (7.93+dfsg1-1) ...\r\nSetting up lua-lpeg:amd64 (1.0.2-2) ...\r\nSetting up libpcre3:amd64 (2:8.39-15) ...\r\nSetting up libblas3:amd64 (3.11.0-2) ...\r\nupdate-alternatives: using /usr/lib/x86_64-linux-gnu/blas/libblas.so.3 to provide /usr/lib/x86_64-linux-gnu/libblas.so.3 (libblas.so.3-x86_64-linux-gnu) in auto mode\r\nSetting up libpcap0.8:amd64 (1.10.3-1) ...\r\nSetting up nmap-common (7.93+dfsg1-1) ...\r\nSetting up liblua5.3-0:amd64 (5.3.6-2) ...\r\nSetting up liblinear4:amd64 (2.3.0+dfsg-5) ...\r\nSetting up nmap (7.93+dfsg1-1) ...\r\nProcessing triggers for man-db (2.11.2-2) ...\r\nProcessing triggers for libc-bin (2.36-9+deb12u3) ...\r\n",
    "stdout_lines": [
        "Reading package lists...",
        "Building dependency tree...",
        "Reading state information...",
        "The following additional packages will be installed:",
        "  libblas3 liblinear4 liblua5.3-0 libpcap0.8 libpcre3 lua-lpeg nmap-common",
        "Suggested packages:",
        "  liblinear-tools liblinear-dev ncat ndiff zenmap",
        "The following NEW packages will be installed:",
        "  libblas3 liblinear4 liblua5.3-0 libpcap0.8 libpcre3 lua-lpeg nmap",
        "  nmap-common",
        "0 upgraded, 8 newly installed, 0 to remove and 95 not upgraded.",
        "Need to get 6896 kB of archives.",
        "After this operation, 28.7 MB of additional disk space will be used.",
        "Get:1 http://deb.debian.org/debian bookworm/main amd64 libblas3 amd64 3.11.0-2 [149 kB]",
        "Get:2 http://deb.debian.org/debian bookworm/main amd64 liblinear4 amd64 2.3.0+dfsg-5 [43.6 kB]",
        "Get:3 http://deb.debian.org/debian bookworm/main amd64 liblua5.3-0 amd64 5.3.6-2 [123 kB]",
        "Get:4 http://deb.debian.org/debian bookworm/main amd64 libpcap0.8 amd64 1.10.3-1 [157 kB]",
        "Get:5 http://deb.debian.org/debian bookworm/main amd64 libpcre3 amd64 2:8.39-15 [341 kB]",
        "Get:6 http://deb.debian.org/debian bookworm/main amd64 lua-lpeg amd64 1.0.2-2 [37.7 kB]",
        "Get:7 http://deb.debian.org/debian bookworm/main amd64 nmap-common all 7.93+dfsg1-1 [4148 kB]",
        "Get:8 http://deb.debian.org/debian bookworm/main amd64 nmap amd64 7.93+dfsg1-1 [1897 kB]",
        "Fetched 6896 kB in 1s (5500 kB/s)",
        "Selecting previously unselected package libblas3:amd64.",
        "(Reading database ... ",
        "(Reading database ... 5%",
        "(Reading database ... 10%",
        "(Reading database ... 15%",
        "(Reading database ... 20%",
        "(Reading database ... 25%",
        "(Reading database ... 30%",
        "(Reading database ... 35%",
        "(Reading database ... 40%",
        "(Reading database ... 45%",
        "(Reading database ... 50%",
        "(Reading database ... 55%",
        "(Reading database ... 60%",
        "(Reading database ... 65%",
        "(Reading database ... 70%",
        "(Reading database ... 75%",
        "(Reading database ... 80%",
        "(Reading database ... 85%",
        "(Reading database ... 90%",
        "(Reading database ... 95%",
        "(Reading database ... 100%",
        "(Reading database ... 60513 files and directories currently installed.)",
        "Preparing to unpack .../0-libblas3_3.11.0-2_amd64.deb ...",
        "Unpacking libblas3:amd64 (3.11.0-2) ...",
        "Selecting previously unselected package liblinear4:amd64.",
        "Preparing to unpack .../1-liblinear4_2.3.0+dfsg-5_amd64.deb ...",
        "Unpacking liblinear4:amd64 (2.3.0+dfsg-5) ...",
        "Selecting previously unselected package liblua5.3-0:amd64.",
        "Preparing to unpack .../2-liblua5.3-0_5.3.6-2_amd64.deb ...",
        "Unpacking liblua5.3-0:amd64 (5.3.6-2) ...",
        "Selecting previously unselected package libpcap0.8:amd64.",
        "Preparing to unpack .../3-libpcap0.8_1.10.3-1_amd64.deb ...",
        "Unpacking libpcap0.8:amd64 (1.10.3-1) ...",
        "Selecting previously unselected package libpcre3:amd64.",
        "Preparing to unpack .../4-libpcre3_2%3a8.39-15_amd64.deb ...",
        "Unpacking libpcre3:amd64 (2:8.39-15) ...",
        "Selecting previously unselected package lua-lpeg:amd64.",
        "Preparing to unpack .../5-lua-lpeg_1.0.2-2_amd64.deb ...",
        "Unpacking lua-lpeg:amd64 (1.0.2-2) ...",
        "Selecting previously unselected package nmap-common.",
        "Preparing to unpack .../6-nmap-common_7.93+dfsg1-1_all.deb ...",
        "Unpacking nmap-common (7.93+dfsg1-1) ...",
        "Selecting previously unselected package nmap.",
        "Preparing to unpack .../7-nmap_7.93+dfsg1-1_amd64.deb ...",
        "Unpacking nmap (7.93+dfsg1-1) ...",
        "Setting up lua-lpeg:amd64 (1.0.2-2) ...",
        "Setting up libpcre3:amd64 (2:8.39-15) ...",
        "Setting up libblas3:amd64 (3.11.0-2) ...",
        "update-alternatives: using /usr/lib/x86_64-linux-gnu/blas/libblas.so.3 to provide /usr/lib/x86_64-linux-gnu/libblas.so.3 (libblas.so.3-x86_64-linux-gnu) in auto mode",
        "Setting up libpcap0.8:amd64 (1.10.3-1) ...",
        "Setting up nmap-common (7.93+dfsg1-1) ...",
        "Setting up liblua5.3-0:amd64 (5.3.6-2) ...",
        "Setting up liblinear4:amd64 (2.3.0+dfsg-5) ...",
        "Setting up nmap (7.93+dfsg1-1) ...",
        "Processing triggers for man-db (2.11.2-2) ...",
        "Processing triggers for libc-bin (2.36-9+deb12u3) ..."
    ]
}
rocky | CHANGED => {
    "changed": true,
    "msg": "",
    "rc": 0,
    "results": [
        "Installed: nmap-ncat-3:7.92-3.el9.x86_64",
        "Installed: nmap-3:7.92-3.el9.x86_64"
    ]
}
suse | CHANGED => {
    "changed": true,
    "cmd": [
        "/usr/bin/zypper",
        "--quiet",
        "--non-interactive",
        "--xmlout",
        "install",
        "--type",
        "package",
        "--auto-agree-with-licenses",
        "--no-recommends",
        "--",
        "+nmap"
    ],
    "name": [
        "nmap"
    ],
    "rc": 0,
    "state": "present",
    "stderr": "",
    "stderr_lines": [],
    "stdout": "<?xml version='1.0'?>\n<stream>\n<message type=\"warning\">Repository &apos;openSUSE-Leap-15.5-Update-Non-Oss&apos; metadata expired since 2024-04-30 11:06:14 UTC.</message>\n<message type=\"warning\">Repository &apos;openSUSE-Leap-15.5-Update-Oss&apos; metadata expired since 2024-02-07 09:23:56 UTC.</message>\n<message type=\"warning\">Repository &apos;Update repository of openSUSE Backports&apos; metadata expired since 2025-03-02 19:18:12 UTC.</message>\n<install-summary download-size=\"5840328\" space-usage-diff=\"25672998\" packages-to-change=\"3\" need-restart=\"0\" need-reboot=\"0\">\n<to-install>\n<solvable type=\"package\" name=\"libpcap1\" edition=\"1.10.1-150400.3.6.2\" arch=\"x86_64\" repository=\"repo-sle-update\" summary=\"A Library for Network Sniffers\">\n<description>libpcap is a library used by packet sniffer programs. It provides an\ninterface for them to capture and analyze packets from network devices.\nThis package is only needed if you plan to compile or write such a\nprogram yourself.</description></solvable>\n<solvable type=\"package\" name=\"libssh2-1\" edition=\"1.11.0-150200.9.2.1\" arch=\"x86_64\" repository=\"repo-sle-update\" summary=\"A library implementing the SSH2 protocol\">\n<description>libssh2 is a library implementing the SSH2 protocol as defined by\nInternet Drafts: SECSH-TRANS, SECSH-USERAUTH, SECSH-CONNECTION,\nSECSH-ARCH, SECSH-FILEXFER, SECSH-DHGEX, SECSH-NUMBERS, and\nSECSH-PUBLICKEY.</description></solvable>\n<solvable type=\"package\" name=\"nmap\" edition=\"7.92-150400.1.8\" arch=\"x86_64\" repository=\"openSUSE-Leap-15.5-Oss\" summary=\"Network exploration tool and security scanner\">\n<description>Nmap (&quot;Network Mapper&quot;) is a utility for network exploration or\nsecurity auditing. It may as well be used for tasks such as network\ninventory, managing service upgrade schedules, and monitoring host or\nservice uptime. Nmap uses raw IP packets to determine what hosts are\navailable on the network, what services (application name and\nversion) those hosts are offering, what operating systems (and OS\nversions) they are running, what type of packet filters/firewalls are\nin use, and dozens of other characteristics. It scans large networks,\nand works fine against single hosts.</description></solvable>\n</to-install>\n</install-summary>\n<prompt id=\"0\">\n<text>Continue?</text>\n<option default=\"1\" value=\"y\" desc=\"Yes, accept the summary and proceed with installation/removal of packages.\"/>\n<option value=\"n\" desc=\"No, cancel the operation.\"/>\n<option value=\"v\" desc=\"Toggle display of package versions.\"/>\n<option value=\"a\" desc=\"Toggle display of package architectures.\"/>\n<option value=\"r\" desc=\"Toggle display of repositories from which the packages will be installed.\"/>\n<option value=\"m\" desc=\"Toggle display of package vendor names.\"/>\n<option value=\"d\" desc=\"Toggle between showing all details and as few details as possible.\"/>\n<option value=\"g\" desc=\"View the summary in pager.\"/>\n</prompt>\n<download url=\"http://download.opensuse.org/update/leap/15.5/sle/x86_64/libpcap1-1.10.1-150400.3.6.2.x86_64.rpm\" percent=\"-1\" rate=\"-1\"/>\n<download url=\"http://download.opensuse.org/update/leap/15.5/sle/x86_64/libpcap1-1.10.1-150400.3.6.2.x86_64.rpm\" percent=\"0\" rate=\"0\"/>\n<download url=\"http://download.opensuse.org/update/leap/15.5/sle/x86_64/libpcap1-1.10.1-150400.3.6.2.x86_64.rpm\" percent=\"0\" rate=\"2395\"/>\n<download url=\"http://download.opensuse.org/update/leap/15.5/sle/x86_64/libpcap1-1.10.1-150400.3.6.2.x86_64.rpm\" percent=\"0\" rate=\"0\"/>\n<download url=\"http://download.opensuse.org/update/leap/15.5/sle/x86_64/libpcap1-1.10.1-150400.3.6.2.x86_64.rpm\" percent=\"10\" rate=\"111998\"/>\n<download url=\"http://download.opensuse.org/update/leap/15.5/sle/x86_64/libpcap1-1.10.1-150400.3.6.2.x86_64.rpm\" percent=\"59\" rate=\"874067\"/>\n<download url=\"http://download.opensuse.org/update/leap/15.5/sle/x86_64/libpcap1-1.10.1-150400.3.6.2.x86_64.rpm\" rate=\"874067\" done=\"1\"/>\n<download url=\"http://download.opensuse.org/update/leap/15.5/sle/x86_64/libssh2-1-1.11.0-150200.9.2.1.x86_64.rpm\" percent=\"-1\" rate=\"-1\"/>\n<download url=\"http://download.opensuse.org/update/leap/15.5/sle/x86_64/libssh2-1-1.11.0-150200.9.2.1.x86_64.rpm\" percent=\"0\" rate=\"0\"/>\n<download url=\"http://download.opensuse.org/update/leap/15.5/sle/x86_64/libssh2-1-1.11.0-150200.9.2.1.x86_64.rpm\" percent=\"0\" rate=\"0\"/>\n<download url=\"http://download.opensuse.org/update/leap/15.5/sle/x86_64/libssh2-1-1.11.0-150200.9.2.1.x86_64.rpm\" percent=\"29\" rate=\"393019\"/>\n<download url=\"http://download.opensuse.org/update/leap/15.5/sle/x86_64/libssh2-1-1.11.0-150200.9.2.1.x86_64.rpm\" rate=\"393019\" done=\"1\"/>\n<download url=\"https://mirrors.edge.kernel.org/opensuse/distribution/leap/15.5/repo/oss/x86_64/nmap-7.92-150400.1.8.x86_64.rpm\" percent=\"-1\" rate=\"-1\"/>\n<download url=\"https://mirrors.edge.kernel.org/opensuse/distribution/leap/15.5/repo/oss/x86_64/nmap-7.92-150400.1.8.x86_64.rpm\" percent=\"0\" rate=\"0\"/>\n<download url=\"https://mirrors.edge.kernel.org/opensuse/distribution/leap/15.5/repo/oss/x86_64/nmap-7.92-150400.1.8.x86_64.rpm\" percent=\"0\" rate=\"0\"/>\n<download url=\"https://mirrors.edge.kernel.org/opensuse/distribution/leap/15.5/repo/oss/x86_64/nmap-7.92-150400.1.8.x86_64.rpm\" percent=\"0\" rate=\"0\"/>\n<download url=\"https://mirrors.edge.kernel.org/opensuse/distribution/leap/15.5/repo/oss/x86_64/nmap-7.92-150400.1.8.x86_64.rpm\" percent=\"1\" rate=\"81902\"/>\n<download url=\"https://mirrors.edge.kernel.org/opensuse/distribution/leap/15.5/repo/oss/x86_64/nmap-7.92-150400.1.8.x86_64.rpm\" percent=\"7\" rate=\"442314\"/>\n<download url=\"https://mirrors.edge.kernel.org/opensuse/distribution/leap/15.5/repo/oss/x86_64/nmap-7.92-150400.1.8.x86_64.rpm\" percent=\"25\" rate=\"1425390\"/>\n<download url=\"https://mirrors.edge.kernel.org/opensuse/distribution/leap/15.5/repo/oss/x86_64/nmap-7.92-150400.1.8.x86_64.rpm\" percent=\"52\" rate=\"2932718\"/>\n<download url=\"https://mirrors.edge.kernel.org/opensuse/distribution/leap/15.5/repo/oss/x86_64/nmap-7.92-150400.1.8.x86_64.rpm\" percent=\"71\" rate=\"3964892\"/>\n<download url=\"https://mirrors.edge.kernel.org/opensuse/distribution/leap/15.5/repo/oss/x86_64/nmap-7.92-150400.1.8.x86_64.rpm\" percent=\"81\" rate=\"4538350\"/>\n<download url=\"https://mirrors.edge.kernel.org/opensuse/distribution/leap/15.5/repo/oss/x86_64/nmap-7.92-150400.1.8.x86_64.rpm\" rate=\"4538350\" done=\"1\"/>\n</stream>\n",
    "stdout_lines": [
        "<?xml version='1.0'?>",
        "<stream>",
        "<message type=\"warning\">Repository &apos;openSUSE-Leap-15.5-Update-Non-Oss&apos; metadata expired since 2024-04-30 11:06:14 UTC.</message>",
        "<message type=\"warning\">Repository &apos;openSUSE-Leap-15.5-Update-Oss&apos; metadata expired since 2024-02-07 09:23:56 UTC.</message>",
        "<message type=\"warning\">Repository &apos;Update repository of openSUSE Backports&apos; metadata expired since 2025-03-02 19:18:12 UTC.</message>",
        "<install-summary download-size=\"5840328\" space-usage-diff=\"25672998\" packages-to-change=\"3\" need-restart=\"0\" need-reboot=\"0\">",
        "<to-install>",
        "<solvable type=\"package\" name=\"libpcap1\" edition=\"1.10.1-150400.3.6.2\" arch=\"x86_64\" repository=\"repo-sle-update\" summary=\"A Library for Network Sniffers\">",
        "<description>libpcap is a library used by packet sniffer programs. It provides an",
        "interface for them to capture and analyze packets from network devices.",
        "This package is only needed if you plan to compile or write such a",
        "program yourself.</description></solvable>",
        "<solvable type=\"package\" name=\"libssh2-1\" edition=\"1.11.0-150200.9.2.1\" arch=\"x86_64\" repository=\"repo-sle-update\" summary=\"A library implementing the SSH2 protocol\">",
        "<description>libssh2 is a library implementing the SSH2 protocol as defined by",
        "Internet Drafts: SECSH-TRANS, SECSH-USERAUTH, SECSH-CONNECTION,",
        "SECSH-ARCH, SECSH-FILEXFER, SECSH-DHGEX, SECSH-NUMBERS, and",
        "SECSH-PUBLICKEY.</description></solvable>",
        "<solvable type=\"package\" name=\"nmap\" edition=\"7.92-150400.1.8\" arch=\"x86_64\" repository=\"openSUSE-Leap-15.5-Oss\" summary=\"Network exploration tool and security scanner\">",
        "<description>Nmap (&quot;Network Mapper&quot;) is a utility for network exploration or",
        "security auditing. It may as well be used for tasks such as network",
        "inventory, managing service upgrade schedules, and monitoring host or",
        "service uptime. Nmap uses raw IP packets to determine what hosts are",
        "available on the network, what services (application name and",
        "version) those hosts are offering, what operating systems (and OS",
        "versions) they are running, what type of packet filters/firewalls are",
        "in use, and dozens of other characteristics. It scans large networks,",
        "and works fine against single hosts.</description></solvable>",
        "</to-install>",
        "</install-summary>",
        "<prompt id=\"0\">",
        "<text>Continue?</text>",
        "<option default=\"1\" value=\"y\" desc=\"Yes, accept the summary and proceed with installation/removal of packages.\"/>",
        "<option value=\"n\" desc=\"No, cancel the operation.\"/>",
        "<option value=\"v\" desc=\"Toggle display of package versions.\"/>",
        "<option value=\"a\" desc=\"Toggle display of package architectures.\"/>",
        "<option value=\"r\" desc=\"Toggle display of repositories from which the packages will be installed.\"/>",
        "<option value=\"m\" desc=\"Toggle display of package vendor names.\"/>",
        "<option value=\"d\" desc=\"Toggle between showing all details and as few details as possible.\"/>",
        "<option value=\"g\" desc=\"View the summary in pager.\"/>",
        "</prompt>",
        "<download url=\"http://download.opensuse.org/update/leap/15.5/sle/x86_64/libpcap1-1.10.1-150400.3.6.2.x86_64.rpm\" percent=\"-1\" rate=\"-1\"/>",
        "<download url=\"http://download.opensuse.org/update/leap/15.5/sle/x86_64/libpcap1-1.10.1-150400.3.6.2.x86_64.rpm\" percent=\"0\" rate=\"0\"/>",
        "<download url=\"http://download.opensuse.org/update/leap/15.5/sle/x86_64/libpcap1-1.10.1-150400.3.6.2.x86_64.rpm\" percent=\"0\" rate=\"2395\"/>",
        "<download url=\"http://download.opensuse.org/update/leap/15.5/sle/x86_64/libpcap1-1.10.1-150400.3.6.2.x86_64.rpm\" percent=\"0\" rate=\"0\"/>",
        "<download url=\"http://download.opensuse.org/update/leap/15.5/sle/x86_64/libpcap1-1.10.1-150400.3.6.2.x86_64.rpm\" percent=\"10\" rate=\"111998\"/>",
        "<download url=\"http://download.opensuse.org/update/leap/15.5/sle/x86_64/libpcap1-1.10.1-150400.3.6.2.x86_64.rpm\" percent=\"59\" rate=\"874067\"/>",
        "<download url=\"http://download.opensuse.org/update/leap/15.5/sle/x86_64/libpcap1-1.10.1-150400.3.6.2.x86_64.rpm\" rate=\"874067\" done=\"1\"/>",
        "<download url=\"http://download.opensuse.org/update/leap/15.5/sle/x86_64/libssh2-1-1.11.0-150200.9.2.1.x86_64.rpm\" percent=\"-1\" rate=\"-1\"/>",
        "<download url=\"http://download.opensuse.org/update/leap/15.5/sle/x86_64/libssh2-1-1.11.0-150200.9.2.1.x86_64.rpm\" percent=\"0\" rate=\"0\"/>",
        "<download url=\"http://download.opensuse.org/update/leap/15.5/sle/x86_64/libssh2-1-1.11.0-150200.9.2.1.x86_64.rpm\" percent=\"0\" rate=\"0\"/>",
        "<download url=\"http://download.opensuse.org/update/leap/15.5/sle/x86_64/libssh2-1-1.11.0-150200.9.2.1.x86_64.rpm\" percent=\"29\" rate=\"393019\"/>",
        "<download url=\"http://download.opensuse.org/update/leap/15.5/sle/x86_64/libssh2-1-1.11.0-150200.9.2.1.x86_64.rpm\" rate=\"393019\" done=\"1\"/>",
        "<download url=\"https://mirrors.edge.kernel.org/opensuse/distribution/leap/15.5/repo/oss/x86_64/nmap-7.92-150400.1.8.x86_64.rpm\" percent=\"-1\" rate=\"-1\"/>",
        "<download url=\"https://mirrors.edge.kernel.org/opensuse/distribution/leap/15.5/repo/oss/x86_64/nmap-7.92-150400.1.8.x86_64.rpm\" percent=\"0\" rate=\"0\"/>",
        "<download url=\"https://mirrors.edge.kernel.org/opensuse/distribution/leap/15.5/repo/oss/x86_64/nmap-7.92-150400.1.8.x86_64.rpm\" percent=\"0\" rate=\"0\"/>",
        "<download url=\"https://mirrors.edge.kernel.org/opensuse/distribution/leap/15.5/repo/oss/x86_64/nmap-7.92-150400.1.8.x86_64.rpm\" percent=\"0\" rate=\"0\"/>",
        "<download url=\"https://mirrors.edge.kernel.org/opensuse/distribution/leap/15.5/repo/oss/x86_64/nmap-7.92-150400.1.8.x86_64.rpm\" percent=\"1\" rate=\"81902\"/>",
        "<download url=\"https://mirrors.edge.kernel.org/opensuse/distribution/leap/15.5/repo/oss/x86_64/nmap-7.92-150400.1.8.x86_64.rpm\" percent=\"7\" rate=\"442314\"/>",
        "<download url=\"https://mirrors.edge.kernel.org/opensuse/distribution/leap/15.5/repo/oss/x86_64/nmap-7.92-150400.1.8.x86_64.rpm\" percent=\"25\" rate=\"1425390\"/>",
        "<download url=\"https://mirrors.edge.kernel.org/opensuse/distribution/leap/15.5/repo/oss/x86_64/nmap-7.92-150400.1.8.x86_64.rpm\" percent=\"52\" rate=\"2932718\"/>",
        "<download url=\"https://mirrors.edge.kernel.org/opensuse/distribution/leap/15.5/repo/oss/x86_64/nmap-7.92-150400.1.8.x86_64.rpm\" percent=\"71\" rate=\"3964892\"/>",
        "<download url=\"https://mirrors.edge.kernel.org/opensuse/distribution/leap/15.5/repo/oss/x86_64/nmap-7.92-150400.1.8.x86_64.rpm\" percent=\"81\" rate=\"4538350\"/>",
        "<download url=\"https://mirrors.edge.kernel.org/opensuse/distribution/leap/15.5/repo/oss/x86_64/nmap-7.92-150400.1.8.x86_64.rpm\" rate=\"4538350\" done=\"1\"/>",
        "</stream>"
    ],
    "update_cache": false
}
[vagrant@ansible ema]$ ansible all -m package -a "name=tree state=present"
suse | SUCCESS => {
    "changed": false,
    "name": [
        "tree"
    ],
    "rc": 0,
    "state": "present",
    "update_cache": false
}
debian | SUCCESS => {
    "cache_update_time": 1742889255,
    "cache_updated": false,
    "changed": false
}
rocky | SUCCESS => {
    "changed": false,
    "msg": "Nothing to do",
    "rc": 0,
    "results": []
}
[vagrant@ansible ema]$ ansible all -m package -a "name=git state=present"
debian | SUCCESS => {
    "cache_update_time": 1742889255,
    "cache_updated": false,
    "changed": false
}
suse | SUCCESS => {
    "changed": false,
    "name": [
        "git"
    ],
    "rc": 0,
    "state": "present",
    "update_cache": false
}
rocky | SUCCESS => {
    "changed": false,
    "msg": "Nothing to do",
    "rc": 0,
    "results": []
}
[vagrant@ansible ema]$ ansible all -m package -a "name=nmap state=present"
suse | SUCCESS => {
    "changed": false,
    "name": [
        "nmap"
    ],
    "rc": 0,
    "state": "present",
    "update_cache": false
}
debian | SUCCESS => {
    "cache_update_time": 1742889255,
    "cache_updated": false,
    "changed": false
}
rocky | SUCCESS => {
    "changed": false,
    "msg": "Nothing to do",
    "rc": 0,
    "results": []
}
[vagrant@ansible ema]$ 
[vagrant@ansible ema]$ ansible all -m package -a "name=tree state=absent"
suse | CHANGED => {
    "changed": true,
    "cmd": [
        "/usr/bin/zypper",
        "--quiet",
        "--non-interactive",
        "--xmlout",
        "remove",
        "--type",
        "package",
        "tree"
    ],
    "name": [
        "tree"
    ],
    "rc": 0,
    "state": "absent",
    "stderr": "",
    "stderr_lines": [],
    "stdout": "<?xml version='1.0'?>\n<stream>\n<install-summary download-size=\"0\" space-usage-diff=\"-116508\" packages-to-change=\"1\" need-restart=\"0\" need-reboot=\"0\">\n<to-remove>\n<solvable type=\"package\" name=\"tree\" edition=\"1.7.0-150000.3.2.1\" arch=\"x86_64\" repository=\"@System\" summary=\"File listing as a tree\">\n<description>Tree is a recursive directory listing command that produces a depth\nindented listing of files, which is colorized ala dircolors if the\nLS_COLORS environment variable is set and output is to tty.</description></solvable>\n</to-remove>\n</install-summary>\n<prompt id=\"0\">\n<text>Continue?</text>\n<option default=\"1\" value=\"y\" desc=\"Yes, accept the summary and proceed with installation/removal of packages.\"/>\n<option value=\"n\" desc=\"No, cancel the operation.\"/>\n<option value=\"v\" desc=\"Toggle display of package versions.\"/>\n<option value=\"a\" desc=\"Toggle display of package architectures.\"/>\n<option value=\"r\" desc=\"Toggle display of repositories from which the packages will be installed.\"/>\n<option value=\"m\" desc=\"Toggle display of package vendor names.\"/>\n<option value=\"d\" desc=\"Toggle between showing all details and as few details as possible.\"/>\n<option value=\"g\" desc=\"View the summary in pager.\"/>\n</prompt>\n</stream>\n",
    "stdout_lines": [
        "<?xml version='1.0'?>",
        "<stream>",
        "<install-summary download-size=\"0\" space-usage-diff=\"-116508\" packages-to-change=\"1\" need-restart=\"0\" need-reboot=\"0\">",
        "<to-remove>",
        "<solvable type=\"package\" name=\"tree\" edition=\"1.7.0-150000.3.2.1\" arch=\"x86_64\" repository=\"@System\" summary=\"File listing as a tree\">",
        "<description>Tree is a recursive directory listing command that produces a depth",
        "indented listing of files, which is colorized ala dircolors if the",
        "LS_COLORS environment variable is set and output is to tty.</description></solvable>",
        "</to-remove>",
        "</install-summary>",
        "<prompt id=\"0\">",
        "<text>Continue?</text>",
        "<option default=\"1\" value=\"y\" desc=\"Yes, accept the summary and proceed with installation/removal of packages.\"/>",
        "<option value=\"n\" desc=\"No, cancel the operation.\"/>",
        "<option value=\"v\" desc=\"Toggle display of package versions.\"/>",
        "<option value=\"a\" desc=\"Toggle display of package architectures.\"/>",
        "<option value=\"r\" desc=\"Toggle display of repositories from which the packages will be installed.\"/>",
        "<option value=\"m\" desc=\"Toggle display of package vendor names.\"/>",
        "<option value=\"d\" desc=\"Toggle between showing all details and as few details as possible.\"/>",
        "<option value=\"g\" desc=\"View the summary in pager.\"/>",
        "</prompt>",
        "</stream>"
    ],
    "update_cache": false
}
rocky | CHANGED => {
    "changed": true,
    "msg": "",
    "rc": 0,
    "results": [
        "Removed: tree-1.8.0-10.el9.x86_64"
    ]
}
debian | CHANGED => {
    "changed": true,
    "stderr": "",
    "stderr_lines": [],
    "stdout": "Reading package lists...\nBuilding dependency tree...\nReading state information...\nThe following packages will be REMOVED:\n  tree\n0 upgraded, 0 newly installed, 1 to remove and 95 not upgraded.\nAfter this operation, 116 kB disk space will be freed.\n(Reading database ... \r(Reading database ... 5%\r(Reading database ... 10%\r(Reading database ... 15%\r(Reading database ... 20%\r(Reading database ... 25%\r(Reading database ... 30%\r(Reading database ... 35%\r(Reading database ... 40%\r(Reading database ... 45%\r(Reading database ... 50%\r(Reading database ... 55%\r(Reading database ... 60%\r(Reading database ... 65%\r(Reading database ... 70%\r(Reading database ... 75%\r(Reading database ... 80%\r(Reading database ... 85%\r(Reading database ... 90%\r(Reading database ... 95%\r(Reading database ... 100%\r(Reading database ... 61436 files and directories currently installed.)\r\nRemoving tree (2.1.0-1) ...\r\nProcessing triggers for man-db (2.11.2-2) ...\r\n",
    "stdout_lines": [
        "Reading package lists...",
        "Building dependency tree...",
        "Reading state information...",
        "The following packages will be REMOVED:",
        "  tree",
        "0 upgraded, 0 newly installed, 1 to remove and 95 not upgraded.",
        "After this operation, 116 kB disk space will be freed.",
        "(Reading database ... ",
        "(Reading database ... 5%",
        "(Reading database ... 10%",
        "(Reading database ... 15%",
        "(Reading database ... 20%",
        "(Reading database ... 25%",
        "(Reading database ... 30%",
        "(Reading database ... 35%",
        "(Reading database ... 40%",
        "(Reading database ... 45%",
        "(Reading database ... 50%",
        "(Reading database ... 55%",
        "(Reading database ... 60%",
        "(Reading database ... 65%",
        "(Reading database ... 70%",
        "(Reading database ... 75%",
        "(Reading database ... 80%",
        "(Reading database ... 85%",
        "(Reading database ... 90%",
        "(Reading database ... 95%",
        "(Reading database ... 100%",
        "(Reading database ... 61436 files and directories currently installed.)",
        "Removing tree (2.1.0-1) ...",
        "Processing triggers for man-db (2.11.2-2) ..."
    ]
}
[vagrant@ansible ema]$ ansible all -m package -a "name=git state=absent"
suse | CHANGED => {
    "changed": true,
    "cmd": [
        "/usr/bin/zypper",
        "--quiet",
        "--non-interactive",
        "--xmlout",
        "remove",
        "--type",
        "package",
        "git"
    ],
    "name": [
        "git"
    ],
    "rc": 0,
    "state": "absent",
    "stderr": "",
    "stderr_lines": [],
    "stdout": "<?xml version='1.0'?>\n<stream>\n<install-summary download-size=\"0\" space-usage-diff=\"-51081\" packages-to-change=\"1\" need-restart=\"0\" need-reboot=\"0\">\n<to-remove>\n<solvable type=\"package\" name=\"git\" edition=\"2.35.3-150300.10.45.2\" arch=\"x86_64\" repository=\"@System\" summary=\"Fast, scalable, distributed revision control system\">\n<description>Git is a fast, scalable, distributed revision control system with an\nunusually rich command set that provides both high-level operations and\nfull access to internals.\n\nThis package itself only provides the README of git but with the\npackages it requires, it brings you a complete Git environment\nincluding GTK and email interfaces and tools for importing source code\nrepositories from other revision control systems such as subversion,\nCVS, and GNU arch.</description></solvable>\n</to-remove>\n</install-summary>\n<prompt id=\"0\">\n<text>Continue?</text>\n<option default=\"1\" value=\"y\" desc=\"Yes, accept the summary and proceed with installation/removal of packages.\"/>\n<option value=\"n\" desc=\"No, cancel the operation.\"/>\n<option value=\"v\" desc=\"Toggle display of package versions.\"/>\n<option value=\"a\" desc=\"Toggle display of package architectures.\"/>\n<option value=\"r\" desc=\"Toggle display of repositories from which the packages will be installed.\"/>\n<option value=\"m\" desc=\"Toggle display of package vendor names.\"/>\n<option value=\"d\" desc=\"Toggle between showing all details and as few details as possible.\"/>\n<option value=\"g\" desc=\"View the summary in pager.\"/>\n</prompt>\n</stream>\n",
    "stdout_lines": [
        "<?xml version='1.0'?>",
        "<stream>",
        "<install-summary download-size=\"0\" space-usage-diff=\"-51081\" packages-to-change=\"1\" need-restart=\"0\" need-reboot=\"0\">",
        "<to-remove>",
        "<solvable type=\"package\" name=\"git\" edition=\"2.35.3-150300.10.45.2\" arch=\"x86_64\" repository=\"@System\" summary=\"Fast, scalable, distributed revision control system\">",
        "<description>Git is a fast, scalable, distributed revision control system with an",
        "unusually rich command set that provides both high-level operations and",
        "full access to internals.",
        "",
        "This package itself only provides the README of git but with the",
        "packages it requires, it brings you a complete Git environment",
        "including GTK and email interfaces and tools for importing source code",
        "repositories from other revision control systems such as subversion,",
        "CVS, and GNU arch.</description></solvable>",
        "</to-remove>",
        "</install-summary>",
        "<prompt id=\"0\">",
        "<text>Continue?</text>",
        "<option default=\"1\" value=\"y\" desc=\"Yes, accept the summary and proceed with installation/removal of packages.\"/>",
        "<option value=\"n\" desc=\"No, cancel the operation.\"/>",
        "<option value=\"v\" desc=\"Toggle display of package versions.\"/>",
        "<option value=\"a\" desc=\"Toggle display of package architectures.\"/>",
        "<option value=\"r\" desc=\"Toggle display of repositories from which the packages will be installed.\"/>",
        "<option value=\"m\" desc=\"Toggle display of package vendor names.\"/>",
        "<option value=\"d\" desc=\"Toggle between showing all details and as few details as possible.\"/>",
        "<option value=\"g\" desc=\"View the summary in pager.\"/>",
        "</prompt>",
        "</stream>"
    ],
    "update_cache": false
}
debian | CHANGED => {
    "changed": true,
    "stderr": "",
    "stderr_lines": [],
    "stdout": "Reading package lists...\nBuilding dependency tree...\nReading state information...\nThe following packages will be REMOVED:\n  git\n0 upgraded, 0 newly installed, 1 to remove and 94 not upgraded.\nAfter this operation, 45.5 MB disk space will be freed.\n(Reading database ... \r(Reading database ... 5%\r(Reading database ... 10%\r(Reading database ... 15%\r(Reading database ... 20%\r(Reading database ... 25%\r(Reading database ... 30%\r(Reading database ... 35%\r(Reading database ... 40%\r(Reading database ... 45%\r(Reading database ... 50%\r(Reading database ... 55%\r(Reading database ... 60%\r(Reading database ... 65%\r(Reading database ... 70%\r(Reading database ... 75%\r(Reading database ... 80%\r(Reading database ... 85%\r(Reading database ... 90%\r(Reading database ... 95%\r(Reading database ... 100%\r(Reading database ... 61428 files and directories currently installed.)\r\nRemoving git (1:2.39.2-1.1) ...\r\n",
    "stdout_lines": [
        "Reading package lists...",
        "Building dependency tree...",
        "Reading state information...",
        "The following packages will be REMOVED:",
        "  git",
        "0 upgraded, 0 newly installed, 1 to remove and 94 not upgraded.",
        "After this operation, 45.5 MB disk space will be freed.",
        "(Reading database ... ",
        "(Reading database ... 5%",
        "(Reading database ... 10%",
        "(Reading database ... 15%",
        "(Reading database ... 20%",
        "(Reading database ... 25%",
        "(Reading database ... 30%",
        "(Reading database ... 35%",
        "(Reading database ... 40%",
        "(Reading database ... 45%",
        "(Reading database ... 50%",
        "(Reading database ... 55%",
        "(Reading database ... 60%",
        "(Reading database ... 65%",
        "(Reading database ... 70%",
        "(Reading database ... 75%",
        "(Reading database ... 80%",
        "(Reading database ... 85%",
        "(Reading database ... 90%",
        "(Reading database ... 95%",
        "(Reading database ... 100%",
        "(Reading database ... 61428 files and directories currently installed.)",
        "Removing git (1:2.39.2-1.1) ..."
    ]
}
rocky | CHANGED => {
    "changed": true,
    "msg": "",
    "rc": 0,
    "results": [
        "Removed: git-2.43.5-2.el9_5.x86_64",
        "Removed: perl-Git-2.43.5-2.el9_5.noarch"
    ]
}
[vagrant@ansible ema]$ ansible all -m package -a "name=nmap state=absent"
suse | CHANGED => {
    "changed": true,
    "cmd": [
        "/usr/bin/zypper",
        "--quiet",
        "--non-interactive",
        "--xmlout",
        "remove",
        "--type",
        "package",
        "nmap"
    ],
    "name": [
        "nmap"
    ],
    "rc": 0,
    "state": "absent",
    "stderr": "",
    "stderr_lines": [],
    "stdout": "<?xml version='1.0'?>\n<stream>\n<install-summary download-size=\"0\" space-usage-diff=\"-25000220\" packages-to-change=\"1\" need-restart=\"0\" need-reboot=\"0\">\n<to-remove>\n<solvable type=\"package\" name=\"nmap\" edition=\"7.92-150400.1.8\" arch=\"x86_64\" repository=\"@System\" summary=\"Network exploration tool and security scanner\">\n<description>Nmap (&quot;Network Mapper&quot;) is a utility for network exploration or\nsecurity auditing. It may as well be used for tasks such as network\ninventory, managing service upgrade schedules, and monitoring host or\nservice uptime. Nmap uses raw IP packets to determine what hosts are\navailable on the network, what services (application name and\nversion) those hosts are offering, what operating systems (and OS\nversions) they are running, what type of packet filters/firewalls are\nin use, and dozens of other characteristics. It scans large networks,\nand works fine against single hosts.</description></solvable>\n</to-remove>\n</install-summary>\n<prompt id=\"0\">\n<text>Continue?</text>\n<option default=\"1\" value=\"y\" desc=\"Yes, accept the summary and proceed with installation/removal of packages.\"/>\n<option value=\"n\" desc=\"No, cancel the operation.\"/>\n<option value=\"v\" desc=\"Toggle display of package versions.\"/>\n<option value=\"a\" desc=\"Toggle display of package architectures.\"/>\n<option value=\"r\" desc=\"Toggle display of repositories from which the packages will be installed.\"/>\n<option value=\"m\" desc=\"Toggle display of package vendor names.\"/>\n<option value=\"d\" desc=\"Toggle between showing all details and as few details as possible.\"/>\n<option value=\"g\" desc=\"View the summary in pager.\"/>\n</prompt>\n</stream>\n",
    "stdout_lines": [
        "<?xml version='1.0'?>",
        "<stream>",
        "<install-summary download-size=\"0\" space-usage-diff=\"-25000220\" packages-to-change=\"1\" need-restart=\"0\" need-reboot=\"0\">",
        "<to-remove>",
        "<solvable type=\"package\" name=\"nmap\" edition=\"7.92-150400.1.8\" arch=\"x86_64\" repository=\"@System\" summary=\"Network exploration tool and security scanner\">",
        "<description>Nmap (&quot;Network Mapper&quot;) is a utility for network exploration or",
        "security auditing. It may as well be used for tasks such as network",
        "inventory, managing service upgrade schedules, and monitoring host or",
        "service uptime. Nmap uses raw IP packets to determine what hosts are",
        "available on the network, what services (application name and",
        "version) those hosts are offering, what operating systems (and OS",
        "versions) they are running, what type of packet filters/firewalls are",
        "in use, and dozens of other characteristics. It scans large networks,",
        "and works fine against single hosts.</description></solvable>",
        "</to-remove>",
        "</install-summary>",
        "<prompt id=\"0\">",
        "<text>Continue?</text>",
        "<option default=\"1\" value=\"y\" desc=\"Yes, accept the summary and proceed with installation/removal of packages.\"/>",
        "<option value=\"n\" desc=\"No, cancel the operation.\"/>",
        "<option value=\"v\" desc=\"Toggle display of package versions.\"/>",
        "<option value=\"a\" desc=\"Toggle display of package architectures.\"/>",
        "<option value=\"r\" desc=\"Toggle display of repositories from which the packages will be installed.\"/>",
        "<option value=\"m\" desc=\"Toggle display of package vendor names.\"/>",
        "<option value=\"d\" desc=\"Toggle between showing all details and as few details as possible.\"/>",
        "<option value=\"g\" desc=\"View the summary in pager.\"/>",
        "</prompt>",
        "</stream>"
    ],
    "update_cache": false
}
rocky | CHANGED => {
    "changed": true,
    "msg": "",
    "rc": 0,
    "results": [
        "Removed: nmap-3:7.92-3.el9.x86_64"
    ]
}
debian | CHANGED => {
    "changed": true,
    "stderr": "",
    "stderr_lines": [],
    "stdout": "Reading package lists...\nBuilding dependency tree...\nReading state information...\nThe following packages were automatically installed and are no longer required:\n  libblas3 liblinear4 liblua5.3-0 libpcap0.8 libpcre3 lua-lpeg nmap-common\nUse 'sudo apt autoremove' to remove them.\nThe following packages will be REMOVED:\n  nmap\n0 upgraded, 0 newly installed, 1 to remove and 94 not upgraded.\nAfter this operation, 4540 kB disk space will be freed.\n(Reading database ... \r(Reading database ... 5%\r(Reading database ... 10%\r(Reading database ... 15%\r(Reading database ... 20%\r(Reading database ... 25%\r(Reading database ... 30%\r(Reading database ... 35%\r(Reading database ... 40%\r(Reading database ... 45%\r(Reading database ... 50%\r(Reading database ... 55%\r(Reading database ... 60%\r(Reading database ... 65%\r(Reading database ... 70%\r(Reading database ... 75%\r(Reading database ... 80%\r(Reading database ... 85%\r(Reading database ... 90%\r(Reading database ... 95%\r(Reading database ... 100%\r(Reading database ... 60542 files and directories currently installed.)\r\nRemoving nmap (7.93+dfsg1-1) ...\r\nProcessing triggers for man-db (2.11.2-2) ...\r\n",
    "stdout_lines": [
        "Reading package lists...",
        "Building dependency tree...",
        "Reading state information...",
        "The following packages were automatically installed and are no longer required:",
        "  libblas3 liblinear4 liblua5.3-0 libpcap0.8 libpcre3 lua-lpeg nmap-common",
        "Use 'sudo apt autoremove' to remove them.",
        "The following packages will be REMOVED:",
        "  nmap",
        "0 upgraded, 0 newly installed, 1 to remove and 94 not upgraded.",
        "After this operation, 4540 kB disk space will be freed.",
        "(Reading database ... ",
        "(Reading database ... 5%",
        "(Reading database ... 10%",
        "(Reading database ... 15%",
        "(Reading database ... 20%",
        "(Reading database ... 25%",
        "(Reading database ... 30%",
        "(Reading database ... 35%",
        "(Reading database ... 40%",
        "(Reading database ... 45%",
        "(Reading database ... 50%",
        "(Reading database ... 55%",
        "(Reading database ... 60%",
        "(Reading database ... 65%",
        "(Reading database ... 70%",
        "(Reading database ... 75%",
        "(Reading database ... 80%",
        "(Reading database ... 85%",
        "(Reading database ... 90%",
        "(Reading database ... 95%",
        "(Reading database ... 100%",
        "(Reading database ... 60542 files and directories currently installed.)",
        "Removing nmap (7.93+dfsg1-1) ...",
        "Processing triggers for man-db (2.11.2-2) ..."
    ]
}
[vagrant@ansible ema]$ ansible all -m package -a "name=tree state=absent"
debian | SUCCESS => {
    "changed": false
}
suse | SUCCESS => {
    "changed": false,
    "name": [
        "tree"
    ],
    "rc": 0,
    "state": "absent",
    "update_cache": false
}
rocky | SUCCESS => {
    "changed": false,
    "msg": "Nothing to do",
    "rc": 0,
    "results": []
}
[vagrant@ansible ema]$ ansible all -m package -a "name=git state=absent"
debian | SUCCESS => {
    "changed": false
}
suse | SUCCESS => {
    "changed": false,
    "name": [
        "git"
    ],
    "rc": 0,
    "state": "absent",
    "update_cache": false
}
rocky | SUCCESS => {
    "changed": false,
    "msg": "Nothing to do",
    "rc": 0,
    "results": []
}
[vagrant@ansible ema]$ ansible all -m package -a "name=nmap state=absent"
debian | SUCCESS => {
    "changed": false
}
suse | SUCCESS => {
    "changed": false,
    "name": [
        "nmap"
    ],
    "rc": 0,
    "state": "absent",
    "update_cache": false
}
rocky | SUCCESS => {
    "changed": false,
    "msg": "Nothing to do",
    "rc": 0,
    "results": []
}
[vagrant@ansible ema]$ 
[vagrant@ansible ema]$ ansible all -m copy -a "src=/etc/fstab dest=/tmp/test3.txt"
debian | CHANGED => {
    "changed": true,
    "checksum": "d39263691e31170df199aae3d93f7c556fbb3446",
    "dest": "/tmp/test3.txt",
    "gid": 0,
    "group": "root",
    "md5sum": "b6f1fe0d790a8d2f9b74b95df1c889dc",
    "mode": "0644",
    "owner": "root",
    "size": 743,
    "src": "/home/vagrant/.ansible/tmp/ansible-tmp-1742889559.8117146-6184-279878726044267/source",
    "state": "file",
    "uid": 0
}
suse | CHANGED => {
    "changed": true,
    "checksum": "d39263691e31170df199aae3d93f7c556fbb3446",
    "dest": "/tmp/test3.txt",
    "gid": 0,
    "group": "root",
    "md5sum": "b6f1fe0d790a8d2f9b74b95df1c889dc",
    "mode": "0644",
    "owner": "root",
    "size": 743,
    "src": "/home/vagrant/.ansible/tmp/ansible-tmp-1742889559.8324225-6185-279117928713383/source",
    "state": "file",
    "uid": 0
}
rocky | CHANGED => {
    "changed": true,
    "checksum": "d39263691e31170df199aae3d93f7c556fbb3446",
    "dest": "/tmp/test3.txt",
    "gid": 0,
    "group": "root",
    "md5sum": "b6f1fe0d790a8d2f9b74b95df1c889dc",
    "mode": "0644",
    "owner": "root",
    "secontext": "unconfined_u:object_r:user_home_t:s0",
    "size": 743,
    "src": "/home/vagrant/.ansible/tmp/ansible-tmp-1742889559.8258922-6183-104043402817087/source",
    "state": "file",
    "uid": 0
}
[vagrant@ansible ema]$ ansible all -m copy -a "src=/etc/fstab dest=/tmp/test3.txt"
debian | SUCCESS => {
    "changed": false,
    "checksum": "d39263691e31170df199aae3d93f7c556fbb3446",
    "dest": "/tmp/test3.txt",
    "gid": 0,
    "group": "root",
    "mode": "0644",
    "owner": "root",
    "path": "/tmp/test3.txt",
    "size": 743,
    "state": "file",
    "uid": 0
}
suse | SUCCESS => {
    "changed": false,
    "checksum": "d39263691e31170df199aae3d93f7c556fbb3446",
    "dest": "/tmp/test3.txt",
    "gid": 0,
    "group": "root",
    "mode": "0644",
    "owner": "root",
    "path": "/tmp/test3.txt",
    "size": 743,
    "state": "file",
    "uid": 0
}
rocky | SUCCESS => {
    "changed": false,
    "checksum": "d39263691e31170df199aae3d93f7c556fbb3446",
    "dest": "/tmp/test3.txt",
    "gid": 0,
    "group": "root",
    "mode": "0644",
    "owner": "root",
    "path": "/tmp/test3.txt",
    "secontext": "unconfined_u:object_r:user_home_t:s0",
    "size": 743,
    "state": "file",
    "uid": 0
}
[vagrant@ansible ema]$ ansible all -m file -a "path=/tmp/test3.txt state=absent"
debian | CHANGED => {
    "changed": true,
    "path": "/tmp/test3.txt",
    "state": "absent"
}
suse | CHANGED => {
    "changed": true,
    "path": "/tmp/test3.txt",
    "state": "absent"
}
rocky | CHANGED => {
    "changed": true,
    "path": "/tmp/test3.txt",
    "state": "absent"
}
[vagrant@ansible ema]$ ansible all -m file -a "path=/tmp/test3.txt state=absent"
debian | SUCCESS => {
    "changed": false,
    "path": "/tmp/test3.txt",
    "state": "absent"
}
rocky | SUCCESS => {
    "changed": false,
    "path": "/tmp/test3.txt",
    "state": "absent"
}
suse | SUCCESS => {
    "changed": false,
    "path": "/tmp/test3.txt",
    "state": "absent"
}
[vagrant@ansible ema]$ 
[vagrant@ansible ema]$ ansible all -a "df -h /"
debian | CHANGED | rc=0 >>
Filesystem      Size  Used Avail Use% Mounted on
/dev/sda3       124G  2.3G  115G   2% /
rocky | CHANGED | rc=0 >>
Filesystem                  Size  Used Avail Use% Mounted on
/dev/mapper/rl_rocky9-root   70G  2.4G   68G   4% /
suse | CHANGED | rc=0 >>
Filesystem      Size  Used Avail Use% Mounted on
/dev/sda3       124G  2.8G  118G   3% /
[vagrant@ansible ema]$ ansible all -a "df -h /"
debian | CHANGED | rc=0 >>
Filesystem      Size  Used Avail Use% Mounted on
/dev/sda3       124G  2.3G  115G   2% /
suse | CHANGED | rc=0 >>
Filesystem      Size  Used Avail Use% Mounted on
/dev/sda3       124G  2.8G  118G   3% /
rocky | CHANGED | rc=0 >>
Filesystem                  Size  Used Avail Use% Mounted on
/dev/mapper/rl_rocky9-root   70G  2.4G   68G   4% /
[vagrant@ansible ema]$ 
